<?xml version="1.0" encoding="UTF-8"?>
<robot generator="Robot 7.3.2 (Python 3.10.12 on linux)" generated="2025-08-28T13:06:33.557738" rpa="false" schemaversion="5">
<suite id="s1" name="Tests" source="/home/feb17/vscode/saucelab/tests">
<kw name="Open Browser Session" owner="hooks" type="SETUP">
<kw name="New Browser" owner="Browser">
<msg time="2025-08-28T13:06:33.690917" level="INFO">{"browser": "chromium", "headless": false, "chromiumSandbox": false, "devtools": false, "handleSIGHUP": true, "handleSIGINT": true, "handleSIGTERM": true, "slowMo": 0.0, "timeout": 30000.0, "tracesDir": "/home/feb17/vscode/saucelab/browser/traces/temp/bf85c113-126c-493b-b25c-cec6357d63df"}</msg>
<msg time="2025-08-28T13:06:33.695821" level="INFO">Starting Browser process /home/feb17/vscode/saucelab/.venv/lib/python3.10/site-packages/Browser/wrapper/index.js using at 127.0.0.1:37187</msg>
<msg time="2025-08-28T13:06:34.231183" level="INFO">Successfully created browser with options: {"browser":"chromium","headless":false,"chromiumSandbox":false,"devtools":false,"handleSIGHUP":true,"handleSIGINT":true,"handleSIGTERM":true,"slowMo":0,"timeout":30000,"tracesDir":"/home/feb17/vscode/saucelab/browser/traces/temp/bf85c113-126c-493b-b25c-cec6357d63df"}</msg>
<arg>${BROWSER}</arg>
<arg>headless=${HEADLESS}</arg>
<tag>BrowserControl</tag>
<tag>Setter</tag>
<doc>Create a new playwright Browser with specified options.</doc>
<status status="PASS" start="2025-08-28T13:06:33.690070" elapsed="0.541540"/>
</kw>
<status status="PASS" start="2025-08-28T13:06:33.688900" elapsed="0.542994"/>
</kw>
<suite id="s1-s1" name="Ui" source="/home/feb17/vscode/saucelab/tests/ui">
<suite id="s1-s1-s1" name="Checkout" source="/home/feb17/vscode/saucelab/tests/ui/checkout">
<suite id="s1-s1-s1-s1" name="Checkoutflow" source="/home/feb17/vscode/saucelab/tests/ui/checkout/checkoutflow.robot">
<test id="s1-s1-s1-s1-t1" name="Successful Checkout Flow" line="13">
<kw name="Open App and Login" owner="hooks" type="SETUP">
<kw name="New Context" owner="Browser">
<msg time="2025-08-28T13:06:34.283328" level="INFO">{
  "acceptDownloads": true,
  "bypassCSP": false,
  "forcedColors": "none",
  "ignoreHTTPSErrors": false,
  "javaScriptEnabled": true,
  "offline": false,
  "reducedMotion": "no-preference",
  "serviceWorkers": "allow",
  "viewport": {
    "height": 720,
    "width": 1280
  }
}</msg>
<msg time="2025-08-28T13:06:34.294122" level="INFO">Successfully created context. </msg>
<msg time="2025-08-28T13:06:34.294370" level="INFO">{'acceptDownloads': True, 'bypassCSP': False, 'forcedColors': 'none', 'ignoreHTTPSErrors': False, 'javaScriptEnabled': True, 'offline': False, 'reducedMotion': 'no-preference', 'serviceWorkers': 'allow', 'viewport': {'height': 720, 'width': 1280}}</msg>
<tag>BrowserControl</tag>
<tag>Setter</tag>
<doc>Create a new BrowserContext with specified options.</doc>
<status status="PASS" start="2025-08-28T13:06:34.281462" elapsed="0.013121"/>
</kw>
<kw name="New Page" owner="Browser">
<msg time="2025-08-28T13:06:34.989884" level="INFO">Successfully initialized new page object and opened url: https://www.saucedemo.com</msg>
<arg>${BASE_URL}</arg>
<tag>BrowserControl</tag>
<tag>Setter</tag>
<doc>Open a new Page.</doc>
<status status="PASS" start="2025-08-28T13:06:34.294864" elapsed="0.695439"/>
</kw>
<kw name="Login Page Should Be Visible" owner="login_page">
<kw name="Get Element" owner="Browser">
<msg time="2025-08-28T13:06:35.018823" level="INFO">Locator found successfully.</msg>
<arg>${BTN_LOGIN}</arg>
<tag>Getter</tag>
<tag>PageContent</tag>
<doc>Returns a reference to a Playwright [https://playwright.dev/docs/api/class-locator|Locator].</doc>
<status status="PASS" start="2025-08-28T13:06:34.991159" elapsed="0.028143"/>
</kw>
<status status="PASS" start="2025-08-28T13:06:34.990639" elapsed="0.028842"/>
</kw>
<kw name="Login As Standard User" owner="auth_keywords">
<kw name="Fill username" owner="login_page">
<kw name="Fill Text" owner="Browser">
<msg time="2025-08-28T13:06:35.021721" level="INFO">Fills the text 'standard_user' in the given field.</msg>
<arg>${INPUT_USERNAME}</arg>
<arg>${username}</arg>
<tag>PageContent</tag>
<tag>Setter</tag>
<doc>Clears and fills the given ``txt`` into the text field found by ``selector``.</doc>
<status status="PASS" start="2025-08-28T13:06:35.021059" elapsed="0.016473"/>
</kw>
<arg>${USERS.standard.username}</arg>
<status status="PASS" start="2025-08-28T13:06:35.020229" elapsed="0.017535"/>
</kw>
<kw name="Fill password" owner="login_page">
<kw name="Fill Text" owner="Browser">
<msg time="2025-08-28T13:06:35.039539" level="INFO">Fills the text 'secret_sauce' in the given field.</msg>
<arg>${INPUT_PASSWORD}</arg>
<arg>${password}</arg>
<tag>PageContent</tag>
<tag>Setter</tag>
<doc>Clears and fills the given ``txt`` into the text field found by ``selector``.</doc>
<status status="PASS" start="2025-08-28T13:06:35.038855" elapsed="0.013095"/>
</kw>
<arg>${USERS.password}</arg>
<status status="PASS" start="2025-08-28T13:06:35.038013" elapsed="0.014160"/>
</kw>
<kw name="Click Login" owner="login_page">
<kw name="Click" owner="Browser">
<msg time="2025-08-28T13:06:35.053852" level="INFO">Clicks the element 'id=login-button'.</msg>
<arg>${BTN_LOGIN}</arg>
<tag>PageContent</tag>
<tag>Setter</tag>
<doc>Simulates mouse click on the element found by ``selector``.</doc>
<status status="PASS" start="2025-08-28T13:06:35.052994" elapsed="0.054338"/>
</kw>
<status status="PASS" start="2025-08-28T13:06:35.052435" elapsed="0.055119"/>
</kw>
<status status="PASS" start="2025-08-28T13:06:35.019726" elapsed="0.087927"/>
</kw>
<kw name="Wait Until Loaded" owner="inventory_page">
<kw name="Wait For Elements State" owner="Browser">
<msg time="2025-08-28T13:06:35.118208" level="INFO">Waited for Element with selector css=[data-test="title"] at state visible</msg>
<arg>${HEADING_PRODUCTS}</arg>
<arg>visible</arg>
<arg>timeout=5s</arg>
<tag>PageContent</tag>
<tag>Wait</tag>
<doc>Waits for the element found by ``selector`` to satisfy state option.</doc>
<status status="PASS" start="2025-08-28T13:06:35.108431" elapsed="0.010439"/>
</kw>
<status status="PASS" start="2025-08-28T13:06:35.107883" elapsed="0.011222"/>
</kw>
<status status="PASS" start="2025-08-28T13:06:34.280681" elapsed="0.838546"/>
</kw>
<kw name="Add To Cart" owner="inventory_keywords">
<kw name="Get Add Button Selector For Product" owner="inventory_page">
<kw name="Slugify Product Name" owner="inventory_page">
<kw name="Convert To Lower Case" owner="String">
<msg time="2025-08-28T13:06:35.122773" level="INFO">${slug} = sauce labs backpack</msg>
<var>${slug}</var>
<arg>${product_name}</arg>
<doc>Converts string to lower case.</doc>
<status status="PASS" start="2025-08-28T13:06:35.122042" elapsed="0.000934"/>
</kw>
<kw name="Replace String" owner="String">
<msg time="2025-08-28T13:06:35.124086" level="INFO">${slug} = sauce-labs-backpack</msg>
<var>${slug}</var>
<arg>${slug}</arg>
<arg>${SPACE}</arg>
<arg>-</arg>
<doc>Replaces ``search_for`` in the given ``string`` with ``replace_with``.</doc>
<status status="PASS" start="2025-08-28T13:06:35.123394" elapsed="0.000853"/>
</kw>
<return>
<value>${slug}</value>
<status status="PASS" start="2025-08-28T13:06:35.124377" elapsed="0.000209"/>
</return>
<msg time="2025-08-28T13:06:35.124823" level="INFO">${slug} = sauce-labs-backpack</msg>
<var>${slug}</var>
<arg>${product_name}</arg>
<status status="PASS" start="2025-08-28T13:06:35.121318" elapsed="0.003636"/>
</kw>
<return>
<value>css=[data-test="add-to-cart-${slug}"]</value>
<status status="PASS" start="2025-08-28T13:06:35.125110" elapsed="0.000204"/>
</return>
<msg time="2025-08-28T13:06:35.125604" level="INFO">${selector} = css=[data-test="add-to-cart-sauce-labs-backpack"]</msg>
<var>${selector}</var>
<arg>${product_name}</arg>
<status status="PASS" start="2025-08-28T13:06:35.120625" elapsed="0.006335"/>
</kw>
<kw name="Wait For Elements State" owner="Browser">
<msg time="2025-08-28T13:06:35.134694" level="INFO">Waited for Element with selector css=[data-test="add-to-cart-sauce-labs-backpack"] at state visible</msg>
<arg>${selector}</arg>
<arg>visible</arg>
<arg>5s</arg>
<tag>PageContent</tag>
<tag>Wait</tag>
<doc>Waits for the element found by ``selector`` to satisfy state option.</doc>
<status status="PASS" start="2025-08-28T13:06:35.127555" elapsed="0.007701"/>
</kw>
<kw name="Click" owner="Browser">
<msg time="2025-08-28T13:06:35.136465" level="INFO">Clicks the element 'css=[data-test="add-to-cart-sauce-labs-backpack"]'.</msg>
<arg>${selector}</arg>
<tag>PageContent</tag>
<tag>Setter</tag>
<doc>Simulates mouse click on the element found by ``selector``.</doc>
<status status="PASS" start="2025-08-28T13:06:35.135700" elapsed="0.055502"/>
</kw>
<arg>Sauce Labs Backpack</arg>
<status status="PASS" start="2025-08-28T13:06:35.119841" elapsed="0.071593"/>
</kw>
<kw name="Go To Cart" owner="home_page">
<kw name="Click" owner="Browser">
<msg time="2025-08-28T13:06:35.194814" level="INFO">Clicks the element 'css=[data-test="shopping-cart-link"]'.</msg>
<arg>${LINK_CART}</arg>
<tag>PageContent</tag>
<tag>Setter</tag>
<doc>Simulates mouse click on the element found by ``selector``.</doc>
<status status="PASS" start="2025-08-28T13:06:35.192887" elapsed="0.047604"/>
</kw>
<status status="PASS" start="2025-08-28T13:06:35.192041" elapsed="0.048894"/>
</kw>
<kw name="Start Checkout" owner="cart_keywords">
<kw name="Wait For Elements State" owner="Browser">
<msg time="2025-08-28T13:06:35.256052" level="INFO">Waited for Element with selector css=[data-test="checkout"] at state visible</msg>
<arg>${BTN_CHECKOUT}</arg>
<arg>visible</arg>
<arg>2s</arg>
<tag>PageContent</tag>
<tag>Wait</tag>
<doc>Waits for the element found by ``selector`` to satisfy state option.</doc>
<status status="PASS" start="2025-08-28T13:06:35.242771" elapsed="0.014043"/>
</kw>
<kw name="Click" owner="Browser">
<msg time="2025-08-28T13:06:35.258297" level="INFO">Clicks the element 'css=[data-test="checkout"]'.</msg>
<arg>${BTN_CHECKOUT}</arg>
<tag>PageContent</tag>
<tag>Setter</tag>
<doc>Simulates mouse click on the element found by ``selector``.</doc>
<status status="PASS" start="2025-08-28T13:06:35.257291" elapsed="0.046437"/>
</kw>
<status status="PASS" start="2025-08-28T13:06:35.241906" elapsed="0.062041"/>
</kw>
<kw name="Enter Checkout Information" owner="cart_keywords">
<for flavor="IN">
<iter>
<kw name="Run Keyword And Return Status" owner="BuiltIn">
<kw name="Dictionary Should Contain Key" owner="Collections">
<arg>${fields}</arg>
<arg>${key}</arg>
<doc>Fails if ``key`` is not found from ``dictionary``.</doc>
<status status="PASS" start="2025-08-28T13:06:35.306441" elapsed="0.000592"/>
</kw>
<msg time="2025-08-28T13:06:35.307251" level="INFO">${exists} = True</msg>
<var>${exists}</var>
<arg>Dictionary Should Contain Key</arg>
<arg>${fields}</arg>
<arg>${key}</arg>
<doc>Runs the given keyword with given arguments and returns the status as a Boolean value.</doc>
<status status="PASS" start="2025-08-28T13:06:35.306023" elapsed="0.001320"/>
</kw>
<kw name="Run Keyword Unless" owner="BuiltIn">
<msg time="2025-08-28T13:06:35.307684" level="WARN">Keyword 'BuiltIn.Run Keyword Unless' is deprecated. </msg>
<arg>${exists}</arg>
<arg>Fail</arg>
<arg>Unknown checkout field: ${key}</arg>
<doc>*DEPRECATED since RF 5.0. Use Native IF/ELSE or `Run Keyword If` instead.*</doc>
<status status="PASS" start="2025-08-28T13:06:35.307534" elapsed="0.000753"/>
</kw>
<kw name="Get From Dictionary" owner="Collections">
<msg time="2025-08-28T13:06:35.309267" level="INFO">${locator} = [data-test="firstName"]</msg>
<var>${locator}</var>
<arg>${FIELD_LOCATORS}</arg>
<arg>${key}</arg>
<doc>Returns a value from the given ``dictionary`` based on the given ``key``.</doc>
<status status="PASS" start="2025-08-28T13:06:35.308610" elapsed="0.000872"/>
</kw>
<kw name="Get From Dictionary" owner="Collections">
<msg time="2025-08-28T13:06:35.310898" level="INFO">${text} = John</msg>
<var>${text}</var>
<arg>${fields}</arg>
<arg>${key}</arg>
<doc>Returns a value from the given ``dictionary`` based on the given ``key``.</doc>
<status status="PASS" start="2025-08-28T13:06:35.309861" elapsed="0.001309"/>
</kw>
<kw name="Wait For Elements State" owner="Browser">
<msg time="2025-08-28T13:06:35.320500" level="INFO">Waited for Element with selector [data-test="firstName"] at state visible</msg>
<arg>${locator}</arg>
<arg>visible</arg>
<tag>PageContent</tag>
<tag>Wait</tag>
<doc>Waits for the element found by ``selector`` to satisfy state option.</doc>
<status status="PASS" start="2025-08-28T13:06:35.311695" elapsed="0.009352"/>
</kw>
<kw name="Fill Text" owner="Browser">
<msg time="2025-08-28T13:06:35.322272" level="INFO">Fills the text 'John' in the given field.</msg>
<arg>${locator}</arg>
<arg>${text}</arg>
<tag>PageContent</tag>
<tag>Setter</tag>
<doc>Clears and fills the given ``txt`` into the text field found by ``selector``.</doc>
<status status="PASS" start="2025-08-28T13:06:35.321489" elapsed="0.012027"/>
</kw>
<var name="${key}">first_name</var>
<status status="PASS" start="2025-08-28T13:06:35.305756" elapsed="0.028019"/>
</iter>
<iter>
<kw name="Run Keyword And Return Status" owner="BuiltIn">
<kw name="Dictionary Should Contain Key" owner="Collections">
<arg>${fields}</arg>
<arg>${key}</arg>
<doc>Fails if ``key`` is not found from ``dictionary``.</doc>
<status status="PASS" start="2025-08-28T13:06:35.334928" elapsed="0.000586"/>
</kw>
<msg time="2025-08-28T13:06:35.335705" level="INFO">${exists} = True</msg>
<var>${exists}</var>
<arg>Dictionary Should Contain Key</arg>
<arg>${fields}</arg>
<arg>${key}</arg>
<doc>Runs the given keyword with given arguments and returns the status as a Boolean value.</doc>
<status status="PASS" start="2025-08-28T13:06:35.334399" elapsed="0.001389"/>
</kw>
<kw name="Run Keyword Unless" owner="BuiltIn">
<msg time="2025-08-28T13:06:35.336158" level="WARN">Keyword 'BuiltIn.Run Keyword Unless' is deprecated. </msg>
<arg>${exists}</arg>
<arg>Fail</arg>
<arg>Unknown checkout field: ${key}</arg>
<doc>*DEPRECATED since RF 5.0. Use Native IF/ELSE or `Run Keyword If` instead.*</doc>
<status status="PASS" start="2025-08-28T13:06:35.335977" elapsed="0.000941"/>
</kw>
<kw name="Get From Dictionary" owner="Collections">
<msg time="2025-08-28T13:06:35.337747" level="INFO">${locator} = [data-test="lastName"]</msg>
<var>${locator}</var>
<arg>${FIELD_LOCATORS}</arg>
<arg>${key}</arg>
<doc>Returns a value from the given ``dictionary`` based on the given ``key``.</doc>
<status status="PASS" start="2025-08-28T13:06:35.337203" elapsed="0.000681"/>
</kw>
<kw name="Get From Dictionary" owner="Collections">
<msg time="2025-08-28T13:06:35.338532" level="INFO">${text} = Doe</msg>
<var>${text}</var>
<arg>${fields}</arg>
<arg>${key}</arg>
<doc>Returns a value from the given ``dictionary`` based on the given ``key``.</doc>
<status status="PASS" start="2025-08-28T13:06:35.338081" elapsed="0.000569"/>
</kw>
<kw name="Wait For Elements State" owner="Browser">
<msg time="2025-08-28T13:06:35.346010" level="INFO">Waited for Element with selector [data-test="lastName"] at state visible</msg>
<arg>${locator}</arg>
<arg>visible</arg>
<tag>PageContent</tag>
<tag>Wait</tag>
<doc>Waits for the element found by ``selector`` to satisfy state option.</doc>
<status status="PASS" start="2025-08-28T13:06:35.338905" elapsed="0.007793"/>
</kw>
<kw name="Fill Text" owner="Browser">
<msg time="2025-08-28T13:06:35.348289" level="INFO">Fills the text 'Doe' in the given field.</msg>
<arg>${locator}</arg>
<arg>${text}</arg>
<tag>PageContent</tag>
<tag>Setter</tag>
<doc>Clears and fills the given ``txt`` into the text field found by ``selector``.</doc>
<status status="PASS" start="2025-08-28T13:06:35.347192" elapsed="0.009558"/>
</kw>
<var name="${key}">last_name</var>
<status status="PASS" start="2025-08-28T13:06:35.334001" elapsed="0.022932"/>
</iter>
<iter>
<kw name="Run Keyword And Return Status" owner="BuiltIn">
<kw name="Dictionary Should Contain Key" owner="Collections">
<arg>${fields}</arg>
<arg>${key}</arg>
<doc>Fails if ``key`` is not found from ``dictionary``.</doc>
<status status="PASS" start="2025-08-28T13:06:35.357834" elapsed="0.000544"/>
</kw>
<msg time="2025-08-28T13:06:35.358573" level="INFO">${exists} = True</msg>
<var>${exists}</var>
<arg>Dictionary Should Contain Key</arg>
<arg>${fields}</arg>
<arg>${key}</arg>
<doc>Runs the given keyword with given arguments and returns the status as a Boolean value.</doc>
<status status="PASS" start="2025-08-28T13:06:35.357426" elapsed="0.001237"/>
</kw>
<kw name="Run Keyword Unless" owner="BuiltIn">
<msg time="2025-08-28T13:06:35.359093" level="WARN">Keyword 'BuiltIn.Run Keyword Unless' is deprecated. </msg>
<arg>${exists}</arg>
<arg>Fail</arg>
<arg>Unknown checkout field: ${key}</arg>
<doc>*DEPRECATED since RF 5.0. Use Native IF/ELSE or `Run Keyword If` instead.*</doc>
<status status="PASS" start="2025-08-28T13:06:35.358926" elapsed="0.000929"/>
</kw>
<kw name="Get From Dictionary" owner="Collections">
<msg time="2025-08-28T13:06:35.361474" level="INFO">${locator} = [data-test="postalCode"]</msg>
<var>${locator}</var>
<arg>${FIELD_LOCATORS}</arg>
<arg>${key}</arg>
<doc>Returns a value from the given ``dictionary`` based on the given ``key``.</doc>
<status status="PASS" start="2025-08-28T13:06:35.360506" elapsed="0.001168"/>
</kw>
<kw name="Get From Dictionary" owner="Collections">
<msg time="2025-08-28T13:06:35.362697" level="INFO">${text} = 12345</msg>
<var>${text}</var>
<arg>${fields}</arg>
<arg>${key}</arg>
<doc>Returns a value from the given ``dictionary`` based on the given ``key``.</doc>
<status status="PASS" start="2025-08-28T13:06:35.362005" elapsed="0.000847"/>
</kw>
<kw name="Wait For Elements State" owner="Browser">
<msg time="2025-08-28T13:06:35.369680" level="INFO">Waited for Element with selector [data-test="postalCode"] at state visible</msg>
<arg>${locator}</arg>
<arg>visible</arg>
<tag>PageContent</tag>
<tag>Wait</tag>
<doc>Waits for the element found by ``selector`` to satisfy state option.</doc>
<status status="PASS" start="2025-08-28T13:06:35.363137" elapsed="0.006909"/>
</kw>
<kw name="Fill Text" owner="Browser">
<msg time="2025-08-28T13:06:35.371116" level="INFO">Fills the text '12345' in the given field.</msg>
<arg>${locator}</arg>
<arg>${text}</arg>
<tag>PageContent</tag>
<tag>Setter</tag>
<doc>Clears and fills the given ``txt`` into the text field found by ``selector``.</doc>
<status status="PASS" start="2025-08-28T13:06:35.370322" elapsed="0.010041"/>
</kw>
<var name="${key}">postal_code</var>
<status status="PASS" start="2025-08-28T13:06:35.357137" elapsed="0.023487"/>
</iter>
<var>${key}</var>
<value>@{fields.keys()}</value>
<status status="PASS" start="2025-08-28T13:06:35.305012" elapsed="0.075724"/>
</for>
<arg>first_name=John</arg>
<arg>last_name=Doe</arg>
<arg>postal_code=12345</arg>
<status status="PASS" start="2025-08-28T13:06:35.304422" elapsed="0.076465"/>
</kw>
<kw name="Continue Checkout" owner="cart_keywords">
<kw name="Wait For Elements State" owner="Browser">
<msg time="2025-08-28T13:06:35.387548" level="INFO">Waited for Element with selector css=[data-test="continue"] at state visible</msg>
<arg>${BTN_CONTINUE}</arg>
<arg>visible</arg>
<arg>2s</arg>
<tag>PageContent</tag>
<tag>Wait</tag>
<doc>Waits for the element found by ``selector`` to satisfy state option.</doc>
<status status="PASS" start="2025-08-28T13:06:35.382235" elapsed="0.005670"/>
</kw>
<kw name="Click" owner="Browser">
<msg time="2025-08-28T13:06:35.388861" level="INFO">Clicks the element 'css=[data-test="continue"]'.</msg>
<arg>${BTN_CONTINUE}</arg>
<tag>PageContent</tag>
<tag>Setter</tag>
<doc>Simulates mouse click on the element found by ``selector``.</doc>
<status status="PASS" start="2025-08-28T13:06:35.388213" elapsed="0.083362"/>
</kw>
<status status="PASS" start="2025-08-28T13:06:35.381400" elapsed="0.090397"/>
</kw>
<kw name="Finish Checkout" owner="cart_keywords">
<kw name="Wait For Elements State" owner="Browser">
<msg time="2025-08-28T13:06:35.479865" level="INFO">Waited for Element with selector css=[data-test="finish"] at state visible</msg>
<arg>${BTN_FINISH}</arg>
<arg>visible</arg>
<arg>2s</arg>
<tag>PageContent</tag>
<tag>Wait</tag>
<doc>Waits for the element found by ``selector`` to satisfy state option.</doc>
<status status="PASS" start="2025-08-28T13:06:35.472805" elapsed="0.007656"/>
</kw>
<kw name="Click" owner="Browser">
<msg time="2025-08-28T13:06:35.482903" level="INFO">Clicks the element 'css=[data-test="finish"]'.</msg>
<arg>${BTN_FINISH}</arg>
<tag>PageContent</tag>
<tag>Setter</tag>
<doc>Simulates mouse click on the element found by ``selector``.</doc>
<status status="PASS" start="2025-08-28T13:06:35.480924" elapsed="0.039393"/>
</kw>
<status status="PASS" start="2025-08-28T13:06:35.472221" elapsed="0.048386"/>
</kw>
<kw name="Order Success Message Should Be" owner="cart_keywords">
<kw name="Get Text" owner="Browser">
<msg time="2025-08-28T13:06:35.542465" level="INFO">Text: 'Thank you for your order!'</msg>
<msg time="2025-08-28T13:06:35.542833" level="INFO">${actual} = Thank you for your order!</msg>
<var>${actual}</var>
<arg>${HEADER_SUCCESS}</arg>
<tag>Assertion</tag>
<tag>Getter</tag>
<tag>PageContent</tag>
<doc>Returns text attribute of the element found by ``selector``.</doc>
<status status="PASS" start="2025-08-28T13:06:35.521623" elapsed="0.021323"/>
</kw>
<kw name="Should Be Equal" owner="BuiltIn">
<arg>${actual}</arg>
<arg>${expected}</arg>
<doc>Fails if the given objects are unequal.</doc>
<status status="PASS" start="2025-08-28T13:06:35.543273" elapsed="0.000973"/>
</kw>
<arg>Thank you for your order!</arg>
<status status="PASS" start="2025-08-28T13:06:35.521054" elapsed="0.023551"/>
</kw>
<kw name="Cleanup Test" owner="hooks" type="TEARDOWN">
<kw name="Run Keyword And Ignore Error" owner="BuiltIn">
<kw name="'PASS' == 'FAIL'">
<msg time="2025-08-28T13:06:35.548942" level="FAIL">No keyword with name ''PASS' == 'FAIL'' found.</msg>
<arg>Take Screenshot</arg>
<status status="FAIL" start="2025-08-28T13:06:35.548685" elapsed="0.000403">No keyword with name ''PASS' == 'FAIL'' found.</status>
</kw>
<arg>'${TEST_STATUS}' == 'FAIL'</arg>
<arg>Take Screenshot</arg>
<doc>Runs the given keyword with the given arguments and ignores possible error.</doc>
<status status="PASS" start="2025-08-28T13:06:35.545877" elapsed="0.003348"/>
</kw>
<kw name="Close Context" owner="Browser">
<msg time="2025-08-28T13:06:35.553536" level="INFO">Switching browser to CURRENT</msg>
<msg time="2025-08-28T13:06:35.556172" level="INFO">Returned active browser id. CURRENT</msg>
<msg time="2025-08-28T13:06:35.559736" level="INFO">Switching context to CURRENT in CURRENT</msg>
<msg time="2025-08-28T13:06:35.563642" level="INFO">Returned active context id: CURRENT</msg>
<msg time="2025-08-28T13:06:35.564635" level="INFO">Switching context to context=8e19b895-6d9a-4639-992d-46f331a26ef7 in CURRENT</msg>
<msg time="2025-08-28T13:06:35.570587" level="INFO">Successfully changed active context: context=8e19b895-6d9a-4639-992d-46f331a26ef7</msg>
<msg time="2025-08-28T13:06:35.591069" level="INFO">Successfully closed Context</msg>
<tag>BrowserControl</tag>
<tag>Setter</tag>
<doc>Closes a Context.</doc>
<status status="PASS" start="2025-08-28T13:06:35.549437" elapsed="0.042041"/>
</kw>
<status status="PASS" start="2025-08-28T13:06:35.545270" elapsed="0.046446"/>
</kw>
<tag>component:ui</tag>
<tag>jira:SL-UI-012</tag>
<tag>regression</tag>
<tag>severity:critical</tag>
<tag>smoke</tag>
<timeout value="2 minutes"/>
<status status="PASS" start="2025-08-28T13:06:34.276623" elapsed="1.315640"/>
</test>
<status status="PASS" start="2025-08-28T13:06:34.236352" elapsed="1.361864"/>
</suite>
<status status="PASS" start="2025-08-28T13:06:34.234336" elapsed="1.366692"/>
</suite>
<status status="PASS" start="2025-08-28T13:06:34.232086" elapsed="1.369796"/>
</suite>
<kw name="Cleanup App" owner="hooks" type="TEARDOWN">
<kw name="Run Keyword And Ignore Error" owner="BuiltIn">
<kw name="Close Page" owner="Browser">
<msg time="2025-08-28T13:06:35.606509" level="INFO">Switching browser to CURRENT</msg>
<msg time="2025-08-28T13:06:35.608632" level="INFO">Returned active browser id. CURRENT</msg>
<msg time="2025-08-28T13:06:35.609546" level="INFO">Switching browser to browser=16cce78e-5ac7-490d-a1a7-375263a899af</msg>
<msg time="2025-08-28T13:06:35.612056" level="INFO">Successfully changed active browser: browser=16cce78e-5ac7-490d-a1a7-375263a899af</msg>
<msg time="2025-08-28T13:06:35.612347" level="INFO">Switching context to CURRENT in CURRENT</msg>
<msg time="2025-08-28T13:06:35.615332" level="INFO">Returned info that no contexts are open</msg>
<tag>BrowserControl</tag>
<tag>Setter</tag>
<doc>Closes the ``page`` in ``context`` in ``browser``.</doc>
<status status="PASS" start="2025-08-28T13:06:35.603822" elapsed="0.011854"/>
</kw>
<arg>Close Page</arg>
<doc>Runs the given keyword with the given arguments and ignores possible error.</doc>
<status status="PASS" start="2025-08-28T13:06:35.603469" elapsed="0.012363"/>
</kw>
<kw name="Run Keyword And Ignore Error" owner="BuiltIn">
<kw name="Close Context" owner="Browser">
<msg time="2025-08-28T13:06:35.618889" level="INFO">Switching browser to CURRENT</msg>
<msg time="2025-08-28T13:06:35.621361" level="INFO">Returned active browser id. CURRENT</msg>
<msg time="2025-08-28T13:06:35.623521" level="INFO">Switching context to CURRENT in CURRENT</msg>
<msg time="2025-08-28T13:06:35.625419" level="INFO">Returned info that no contexts are open</msg>
<msg time="2025-08-28T13:06:35.625693" level="INFO">No open context found.</msg>
<tag>BrowserControl</tag>
<tag>Setter</tag>
<doc>Closes a Context.</doc>
<status status="PASS" start="2025-08-28T13:06:35.616487" elapsed="0.010046"/>
</kw>
<arg>Close Context</arg>
<doc>Runs the given keyword with the given arguments and ignores possible error.</doc>
<status status="PASS" start="2025-08-28T13:06:35.616035" elapsed="0.010821"/>
</kw>
<kw name="Run Keyword And Ignore Error" owner="BuiltIn">
<kw name="Close Browser" owner="Browser">
<msg time="2025-08-28T13:06:35.687391" level="INFO">Closed browser</msg>
<tag>BrowserControl</tag>
<tag>Setter</tag>
<doc>Closes the current browser.</doc>
<status status="PASS" start="2025-08-28T13:06:35.627769" elapsed="0.059915"/>
</kw>
<arg>Close Browser</arg>
<doc>Runs the given keyword with the given arguments and ignores possible error.</doc>
<status status="PASS" start="2025-08-28T13:06:35.627214" elapsed="0.060608"/>
</kw>
<status status="PASS" start="2025-08-28T13:06:35.602891" elapsed="0.085037"/>
</kw>
<status status="PASS" start="2025-08-28T13:06:33.559978" elapsed="2.128028"/>
</suite>
<statistics>
<total>
<stat pass="1" fail="0" skip="0">All Tests</stat>
</total>
<tag>
<stat pass="1" fail="0" skip="0">component:ui</stat>
<stat pass="1" fail="0" skip="0">jira:SL-UI-012</stat>
<stat pass="1" fail="0" skip="0">regression</stat>
<stat pass="1" fail="0" skip="0">severity:critical</stat>
<stat pass="1" fail="0" skip="0">smoke</stat>
</tag>
<suite>
<stat name="Tests" id="s1" pass="1" fail="0" skip="0">Tests</stat>
<stat name="Ui" id="s1-s1" pass="1" fail="0" skip="0">Tests.Ui</stat>
<stat name="Checkout" id="s1-s1-s1" pass="1" fail="0" skip="0">Tests.Ui.Checkout</stat>
<stat name="Checkoutflow" id="s1-s1-s1-s1" pass="1" fail="0" skip="0">Tests.Ui.Checkout.Checkoutflow</stat>
</suite>
</statistics>
<errors>
<msg time="2025-08-28T13:06:35.307684" level="WARN">Keyword 'BuiltIn.Run Keyword Unless' is deprecated. </msg>
<msg time="2025-08-28T13:06:35.336158" level="WARN">Keyword 'BuiltIn.Run Keyword Unless' is deprecated. </msg>
<msg time="2025-08-28T13:06:35.359093" level="WARN">Keyword 'BuiltIn.Run Keyword Unless' is deprecated. </msg>
</errors>
</robot>
