<?xml version="1.0" encoding="UTF-8"?>
<robot generator="Robot 7.3.2 (Python 3.10.12 on linux)" generated="2025-08-28T10:04:47.919430" rpa="false" schemaversion="5">
<suite id="s1" name="Tests" source="/home/feb17/vscode/saucelab/tests">
<kw name="Open Browser Session" owner="hooks" type="SETUP">
<kw name="New Browser" owner="Browser">
<msg time="2025-08-28T10:04:48.044337" level="INFO">{"browser": "chromium", "headless": false, "chromiumSandbox": false, "devtools": false, "handleSIGHUP": true, "handleSIGINT": true, "handleSIGTERM": true, "slowMo": 0.0, "timeout": 30000.0, "tracesDir": "/home/feb17/vscode/saucelab/tests/browser/traces/temp/fedf2856-aada-42b6-8e4d-6f154e431f56"}</msg>
<msg time="2025-08-28T10:04:48.047126" level="INFO">Starting Browser process /home/feb17/vscode/saucelab/.venv/lib/python3.10/site-packages/Browser/wrapper/index.js using at 127.0.0.1:40327</msg>
<msg time="2025-08-28T10:04:48.668439" level="INFO">Successfully created browser with options: {"browser":"chromium","headless":false,"chromiumSandbox":false,"devtools":false,"handleSIGHUP":true,"handleSIGINT":true,"handleSIGTERM":true,"slowMo":0,"timeout":30000,"tracesDir":"/home/feb17/vscode/saucelab/tests/browser/traces/temp/fedf2856-aada-42b6-8e4d-6f154e431f56"}</msg>
<arg>${BROWSER}</arg>
<arg>headless=${HEADLESS}</arg>
<tag>BrowserControl</tag>
<tag>Setter</tag>
<doc>Create a new playwright Browser with specified options.</doc>
<status status="PASS" start="2025-08-28T10:04:48.043703" elapsed="0.624946"/>
</kw>
<status status="PASS" start="2025-08-28T10:04:48.043115" elapsed="0.625711"/>
</kw>
<suite id="s1-s1" name="Ui" source="/home/feb17/vscode/saucelab/tests/ui">
<suite id="s1-s1-s1" name="Cart" source="/home/feb17/vscode/saucelab/tests/ui/cart">
<suite id="s1-s1-s1-s1" name="Cart Items" source="/home/feb17/vscode/saucelab/tests/ui/cart/cart_items.robot">
<test id="s1-s1-s1-s1-t1" name="Cart Displays Added Items Correctly" line="13">
<kw name="Open App and Login" owner="hooks" type="SETUP">
<kw name="New Context" owner="Browser">
<msg time="2025-08-28T10:04:48.707959" level="INFO">{
  "acceptDownloads": true,
  "bypassCSP": false,
  "forcedColors": "none",
  "ignoreHTTPSErrors": false,
  "javaScriptEnabled": true,
  "offline": false,
  "reducedMotion": "no-preference",
  "serviceWorkers": "allow",
  "viewport": {
    "width": 1280,
    "height": 720
  }
}</msg>
<msg time="2025-08-28T10:04:48.720459" level="INFO">Successfully created context. </msg>
<msg time="2025-08-28T10:04:48.720522" level="INFO">{'acceptDownloads': True, 'bypassCSP': False, 'forcedColors': 'none', 'ignoreHTTPSErrors': False, 'javaScriptEnabled': True, 'offline': False, 'reducedMotion': 'no-preference', 'serviceWorkers': 'allow', 'viewport': {'width': 1280, 'height': 720}}</msg>
<tag>BrowserControl</tag>
<tag>Setter</tag>
<doc>Create a new BrowserContext with specified options.</doc>
<status status="PASS" start="2025-08-28T10:04:48.706396" elapsed="0.014267"/>
</kw>
<kw name="New Page" owner="Browser">
<msg time="2025-08-28T10:04:49.650867" level="INFO">Successfully initialized new page object and opened url: https://www.saucedemo.com</msg>
<arg>${BASE_URL}</arg>
<tag>BrowserControl</tag>
<tag>Setter</tag>
<doc>Open a new Page.</doc>
<status status="PASS" start="2025-08-28T10:04:48.720881" elapsed="0.930211"/>
</kw>
<kw name="Login Page Should Be Visible" owner="login_page">
<kw name="Get Element" owner="Browser">
<msg time="2025-08-28T10:04:49.675794" level="INFO">Locator found successfully.</msg>
<arg>${BTN_LOGIN}</arg>
<tag>Getter</tag>
<tag>PageContent</tag>
<doc>Returns a reference to a Playwright [https://playwright.dev/docs/api/class-locator|Locator].</doc>
<status status="PASS" start="2025-08-28T10:04:49.651793" elapsed="0.024227"/>
</kw>
<status status="PASS" start="2025-08-28T10:04:49.651440" elapsed="0.024703"/>
</kw>
<kw name="Login As Standard User" owner="auth_keywords">
<kw name="Fill username" owner="login_page">
<kw name="Fill Text" owner="Browser">
<msg time="2025-08-28T10:04:49.677962" level="INFO">Fills the text 'standard_user' in the given field.</msg>
<arg>${INPUT_USERNAME}</arg>
<arg>${username}</arg>
<tag>PageContent</tag>
<tag>Setter</tag>
<doc>Clears and fills the given ``txt`` into the text field found by ``selector``.</doc>
<status status="PASS" start="2025-08-28T10:04:49.677355" elapsed="0.013717"/>
</kw>
<arg>${USERS.standard.username}</arg>
<status status="PASS" start="2025-08-28T10:04:49.676716" elapsed="0.014607"/>
</kw>
<kw name="Fill password" owner="login_page">
<kw name="Fill Text" owner="Browser">
<msg time="2025-08-28T10:04:49.693255" level="INFO">Fills the text 'secret_sauce' in the given field.</msg>
<arg>${INPUT_PASSWORD}</arg>
<arg>${password}</arg>
<tag>PageContent</tag>
<tag>Setter</tag>
<doc>Clears and fills the given ``txt`` into the text field found by ``selector``.</doc>
<status status="PASS" start="2025-08-28T10:04:49.692608" elapsed="0.009362"/>
</kw>
<arg>${USERS.password}</arg>
<status status="PASS" start="2025-08-28T10:04:49.691644" elapsed="0.010455"/>
</kw>
<kw name="Click Login" owner="login_page">
<kw name="Click" owner="Browser">
<msg time="2025-08-28T10:04:49.703123" level="INFO">Clicks the element 'id=login-button'.</msg>
<arg>${BTN_LOGIN}</arg>
<tag>PageContent</tag>
<tag>Setter</tag>
<doc>Simulates mouse click on the element found by ``selector``.</doc>
<status status="PASS" start="2025-08-28T10:04:49.702639" elapsed="0.055619"/>
</kw>
<status status="PASS" start="2025-08-28T10:04:49.702298" elapsed="0.056300"/>
</kw>
<status status="PASS" start="2025-08-28T10:04:49.676344" elapsed="0.082379"/>
</kw>
<kw name="Wait Until Loaded" owner="inventory_page">
<kw name="Wait For Elements State" owner="Browser">
<msg time="2025-08-28T10:04:49.768285" level="INFO">Waited for Element with selector css=[data-test="title"] at state visible</msg>
<arg>${HEADING_PRODUCTS}</arg>
<arg>visible</arg>
<arg>timeout=5s</arg>
<tag>PageContent</tag>
<tag>Wait</tag>
<doc>Waits for the element found by ``selector`` to satisfy state option.</doc>
<status status="PASS" start="2025-08-28T10:04:49.759415" elapsed="0.009181"/>
</kw>
<status status="PASS" start="2025-08-28T10:04:49.758951" elapsed="0.009855"/>
</kw>
<status status="PASS" start="2025-08-28T10:04:48.705826" elapsed="1.063073"/>
</kw>
<kw name="Click Add To Cart">
<msg time="2025-08-28T10:04:49.771294" level="FAIL">No keyword with name 'Click Add To Cart' found. Did you try using keyword 'Browser.Click' and forgot to use enough whitespace between keyword and arguments?</msg>
<arg>Sauce Labs Bike Light</arg>
<status status="FAIL" start="2025-08-28T10:04:49.771170" elapsed="0.000177">No keyword with name 'Click Add To Cart' found. Did you try using keyword 'Browser.Click' and forgot to use enough whitespace between keyword and arguments?</status>
</kw>
<kw name="Click Add To Cart">
<arg>Sauce Labs Backpack</arg>
<status status="NOT RUN" start="2025-08-28T10:04:49.771567" elapsed="0.000057"/>
</kw>
<kw name="Go To Cart" owner="home_page">
<status status="NOT RUN" start="2025-08-28T10:04:49.771798" elapsed="0.000053"/>
</kw>
<kw name="Cart Should Equal Products Exactly" owner="cart_keywords">
<arg>Sauce Labs Backpack</arg>
<arg>Sauce Labs Bike Light</arg>
<status status="NOT RUN" start="2025-08-28T10:04:49.772014" elapsed="0.000055"/>
</kw>
<kw name="Cleanup Test" owner="hooks" type="TEARDOWN">
<kw name="Run Keyword And Ignore Error" owner="BuiltIn">
<kw name="'FAIL' == 'FAIL'">
<msg time="2025-08-28T10:04:49.775099" level="FAIL">No keyword with name ''FAIL' == 'FAIL'' found.</msg>
<arg>Take Screenshot</arg>
<status status="FAIL" start="2025-08-28T10:04:49.774989" elapsed="0.000160">No keyword with name ''FAIL' == 'FAIL'' found.</status>
</kw>
<arg>'${TEST_STATUS}' == 'FAIL'</arg>
<arg>Take Screenshot</arg>
<doc>Runs the given keyword with the given arguments and ignores possible error.</doc>
<status status="PASS" start="2025-08-28T10:04:49.772756" elapsed="0.002559"/>
</kw>
<kw name="Close Context" owner="Browser">
<msg time="2025-08-28T10:04:49.780635" level="INFO">Switching browser to CURRENT</msg>
<msg time="2025-08-28T10:04:49.783480" level="INFO">Returned active browser id. CURRENT</msg>
<msg time="2025-08-28T10:04:49.786612" level="INFO">Switching context to CURRENT in CURRENT</msg>
<msg time="2025-08-28T10:04:49.789288" level="INFO">Returned active context id: CURRENT</msg>
<msg time="2025-08-28T10:04:49.789914" level="INFO">Switching context to context=d0dfad2a-47f3-4566-abe5-e7167cfc35c0 in CURRENT</msg>
<msg time="2025-08-28T10:04:49.797229" level="INFO">Successfully changed active context: context=d0dfad2a-47f3-4566-abe5-e7167cfc35c0</msg>
<msg time="2025-08-28T10:04:49.823460" level="INFO">Successfully closed Context</msg>
<tag>BrowserControl</tag>
<tag>Setter</tag>
<doc>Closes a Context.</doc>
<status status="PASS" start="2025-08-28T10:04:49.775461" elapsed="0.048199"/>
</kw>
<status status="PASS" start="2025-08-28T10:04:49.772363" elapsed="0.051467"/>
</kw>
<tag>component:ui</tag>
<tag>jira:SL-UI-009</tag>
<tag>regression</tag>
<tag>severity:high</tag>
<tag>smoke</tag>
<timeout value="2 minutes"/>
<status status="FAIL" start="2025-08-28T10:04:48.703592" elapsed="1.120411">No keyword with name 'Click Add To Cart' found. Did you try using keyword 'Browser.Click' and forgot to use enough whitespace between keyword and arguments?</status>
</test>
<status status="FAIL" start="2025-08-28T10:04:48.670895" elapsed="1.159262"/>
</suite>
<status status="FAIL" start="2025-08-28T10:04:48.669995" elapsed="1.162652"/>
</suite>
<suite id="s1-s1-s2" name="Checkout" source="/home/feb17/vscode/saucelab/tests/ui/checkout">
<suite id="s1-s1-s2-s1" name="Checkoutflow" source="/home/feb17/vscode/saucelab/tests/ui/checkout/checkoutflow.robot">
<test id="s1-s1-s2-s1-t1" name="Successful Checkout Flow" line="13">
<kw name="Open App and Login" owner="hooks" type="SETUP">
<kw name="New Context" owner="Browser">
<msg time="2025-08-28T10:04:49.853025" level="INFO">{
  "acceptDownloads": true,
  "bypassCSP": false,
  "forcedColors": "none",
  "ignoreHTTPSErrors": false,
  "javaScriptEnabled": true,
  "offline": false,
  "reducedMotion": "no-preference",
  "serviceWorkers": "allow",
  "viewport": {
    "width": 1280,
    "height": 720
  }
}</msg>
<msg time="2025-08-28T10:04:49.859396" level="INFO">Successfully created context. </msg>
<msg time="2025-08-28T10:04:49.859460" level="INFO">{'acceptDownloads': True, 'bypassCSP': False, 'forcedColors': 'none', 'ignoreHTTPSErrors': False, 'javaScriptEnabled': True, 'offline': False, 'reducedMotion': 'no-preference', 'serviceWorkers': 'allow', 'viewport': {'width': 1280, 'height': 720}}</msg>
<tag>BrowserControl</tag>
<tag>Setter</tag>
<doc>Create a new BrowserContext with specified options.</doc>
<status status="PASS" start="2025-08-28T10:04:49.851522" elapsed="0.008078"/>
</kw>
<kw name="New Page" owner="Browser">
<msg time="2025-08-28T10:04:50.532570" level="INFO">Successfully initialized new page object and opened url: https://www.saucedemo.com</msg>
<arg>${BASE_URL}</arg>
<tag>BrowserControl</tag>
<tag>Setter</tag>
<doc>Open a new Page.</doc>
<status status="PASS" start="2025-08-28T10:04:49.859809" elapsed="0.673117"/>
</kw>
<kw name="Login Page Should Be Visible" owner="login_page">
<kw name="Get Element" owner="Browser">
<msg time="2025-08-28T10:04:50.554293" level="INFO">Locator found successfully.</msg>
<arg>${BTN_LOGIN}</arg>
<tag>Getter</tag>
<tag>PageContent</tag>
<doc>Returns a reference to a Playwright [https://playwright.dev/docs/api/class-locator|Locator].</doc>
<status status="PASS" start="2025-08-28T10:04:50.533659" elapsed="0.020844"/>
</kw>
<status status="PASS" start="2025-08-28T10:04:50.533256" elapsed="0.021366"/>
</kw>
<kw name="Login As Standard User" owner="auth_keywords">
<kw name="Fill username" owner="login_page">
<kw name="Fill Text" owner="Browser">
<msg time="2025-08-28T10:04:50.556431" level="INFO">Fills the text 'standard_user' in the given field.</msg>
<arg>${INPUT_USERNAME}</arg>
<arg>${username}</arg>
<tag>PageContent</tag>
<tag>Setter</tag>
<doc>Clears and fills the given ``txt`` into the text field found by ``selector``.</doc>
<status status="PASS" start="2025-08-28T10:04:50.555825" elapsed="0.012630"/>
</kw>
<arg>${USERS.standard.username}</arg>
<status status="PASS" start="2025-08-28T10:04:50.555190" elapsed="0.013458"/>
</kw>
<kw name="Fill password" owner="login_page">
<kw name="Fill Text" owner="Browser">
<msg time="2025-08-28T10:04:50.570865" level="INFO">Fills the text 'secret_sauce' in the given field.</msg>
<arg>${INPUT_PASSWORD}</arg>
<arg>${password}</arg>
<tag>PageContent</tag>
<tag>Setter</tag>
<doc>Clears and fills the given ``txt`` into the text field found by ``selector``.</doc>
<status status="PASS" start="2025-08-28T10:04:50.570130" elapsed="0.011419"/>
</kw>
<arg>${USERS.password}</arg>
<status status="PASS" start="2025-08-28T10:04:50.568968" elapsed="0.012719"/>
</kw>
<kw name="Click Login" owner="login_page">
<kw name="Click" owner="Browser">
<msg time="2025-08-28T10:04:50.583014" level="INFO">Clicks the element 'id=login-button'.</msg>
<arg>${BTN_LOGIN}</arg>
<tag>PageContent</tag>
<tag>Setter</tag>
<doc>Simulates mouse click on the element found by ``selector``.</doc>
<status status="PASS" start="2025-08-28T10:04:50.582375" elapsed="0.056045"/>
</kw>
<status status="PASS" start="2025-08-28T10:04:50.581924" elapsed="0.056623"/>
</kw>
<status status="PASS" start="2025-08-28T10:04:50.554832" elapsed="0.083768"/>
</kw>
<kw name="Wait Until Loaded" owner="inventory_page">
<kw name="Wait For Elements State" owner="Browser">
<msg time="2025-08-28T10:04:50.646163" level="INFO">Waited for Element with selector css=[data-test="title"] at state visible</msg>
<arg>${HEADING_PRODUCTS}</arg>
<arg>visible</arg>
<arg>timeout=5s</arg>
<tag>PageContent</tag>
<tag>Wait</tag>
<doc>Waits for the element found by ``selector`` to satisfy state option.</doc>
<status status="PASS" start="2025-08-28T10:04:50.639233" elapsed="0.007149"/>
</kw>
<status status="PASS" start="2025-08-28T10:04:50.638795" elapsed="0.007714"/>
</kw>
<status status="PASS" start="2025-08-28T10:04:49.851046" elapsed="0.795525"/>
</kw>
<kw name="Add To Cart" owner="inventory_keywords">
<kw name="Get Add Button Selector For Product" owner="inventory_page">
<kw name="Slugify Product Name" owner="inventory_page">
<kw name="Convert To Lower Case" owner="String">
<msg time="2025-08-28T10:04:50.648501" level="INFO">${slug} = sauce labs backpack</msg>
<var>${slug}</var>
<arg>${product_name}</arg>
<doc>Converts string to lower case.</doc>
<status status="PASS" start="2025-08-28T10:04:50.648206" elapsed="0.000326"/>
</kw>
<kw name="Replace String" owner="String">
<msg time="2025-08-28T10:04:50.649018" level="INFO">${slug} = sauce-labs-backpack</msg>
<var>${slug}</var>
<arg>${slug}</arg>
<arg>${SPACE}</arg>
<arg>-</arg>
<doc>Replaces ``search_for`` in the given ``string`` with ``replace_with``.</doc>
<status status="PASS" start="2025-08-28T10:04:50.648665" elapsed="0.000383"/>
</kw>
<return>
<value>${slug}</value>
<status status="PASS" start="2025-08-28T10:04:50.649113" elapsed="0.000079"/>
</return>
<msg time="2025-08-28T10:04:50.649338" level="INFO">${slug} = sauce-labs-backpack</msg>
<var>${slug}</var>
<arg>${product_name}</arg>
<status status="PASS" start="2025-08-28T10:04:50.647860" elapsed="0.001503"/>
</kw>
<return>
<value>css=[data-test="add-to-cart-${slug}"]</value>
<status status="PASS" start="2025-08-28T10:04:50.649414" elapsed="0.000062"/>
</return>
<msg time="2025-08-28T10:04:50.649601" level="INFO">${selector} = css=[data-test="add-to-cart-sauce-labs-backpack"]</msg>
<var>${selector}</var>
<arg>${product_name}</arg>
<status status="PASS" start="2025-08-28T10:04:50.647490" elapsed="0.002134"/>
</kw>
<kw name="Wait For Elements State" owner="Browser">
<msg time="2025-08-28T10:04:50.655936" level="INFO">Waited for Element with selector css=[data-test="add-to-cart-sauce-labs-backpack"] at state visible</msg>
<arg>${selector}</arg>
<arg>visible</arg>
<arg>5s</arg>
<tag>PageContent</tag>
<tag>Wait</tag>
<doc>Waits for the element found by ``selector`` to satisfy state option.</doc>
<status status="PASS" start="2025-08-28T10:04:50.649830" elapsed="0.006422"/>
</kw>
<kw name="Click" owner="Browser">
<msg time="2025-08-28T10:04:50.657464" level="INFO">Clicks the element 'css=[data-test="add-to-cart-sauce-labs-backpack"]'.</msg>
<arg>${selector}</arg>
<tag>PageContent</tag>
<tag>Setter</tag>
<doc>Simulates mouse click on the element found by ``selector``.</doc>
<status status="PASS" start="2025-08-28T10:04:50.656623" elapsed="0.046287"/>
</kw>
<arg>Sauce Labs Backpack</arg>
<status status="PASS" start="2025-08-28T10:04:50.646896" elapsed="0.056178"/>
</kw>
<kw name="Go To Cart" owner="home_page">
<kw name="Click" owner="Browser">
<msg time="2025-08-28T10:04:50.704297" level="INFO">Clicks the element 'css=[data-test="shopping-cart-link"]'.</msg>
<arg>${LINK_CART}</arg>
<tag>PageContent</tag>
<tag>Setter</tag>
<doc>Simulates mouse click on the element found by ``selector``.</doc>
<status status="PASS" start="2025-08-28T10:04:50.703800" elapsed="0.034389"/>
</kw>
<status status="PASS" start="2025-08-28T10:04:50.703411" elapsed="0.034898"/>
</kw>
<kw name="Start Checkout">
<msg time="2025-08-28T10:04:50.740690" level="FAIL">No keyword with name 'Start Checkout' found.</msg>
<status status="FAIL" start="2025-08-28T10:04:50.740561" elapsed="0.000182">No keyword with name 'Start Checkout' found.</status>
</kw>
<kw name="Enter Checkout Information">
<arg>John</arg>
<arg>Doe</arg>
<arg>12345</arg>
<status status="NOT RUN" start="2025-08-28T10:04:50.740972" elapsed="0.000065"/>
</kw>
<kw name="Continue Checkout">
<status status="NOT RUN" start="2025-08-28T10:04:50.741204" elapsed="0.000049"/>
</kw>
<kw name="Finish Checkout">
<status status="NOT RUN" start="2025-08-28T10:04:50.741390" elapsed="0.000046"/>
</kw>
<kw name="Order Success Message Should Be Displayed">
<status status="NOT RUN" start="2025-08-28T10:04:50.741567" elapsed="0.000044"/>
</kw>
<kw name="Cleanup Test" owner="hooks" type="TEARDOWN">
<kw name="Run Keyword And Ignore Error" owner="BuiltIn">
<kw name="'FAIL' == 'FAIL'">
<msg time="2025-08-28T10:04:50.745388" level="FAIL">No keyword with name ''FAIL' == 'FAIL'' found.</msg>
<arg>Take Screenshot</arg>
<status status="FAIL" start="2025-08-28T10:04:50.745171" elapsed="0.000316">No keyword with name ''FAIL' == 'FAIL'' found.</status>
</kw>
<arg>'${TEST_STATUS}' == 'FAIL'</arg>
<arg>Take Screenshot</arg>
<doc>Runs the given keyword with the given arguments and ignores possible error.</doc>
<status status="PASS" start="2025-08-28T10:04:50.742269" elapsed="0.003344"/>
</kw>
<kw name="Close Context" owner="Browser">
<msg time="2025-08-28T10:04:50.751238" level="INFO">Switching browser to CURRENT</msg>
<msg time="2025-08-28T10:04:50.753360" level="INFO">Returned active browser id. CURRENT</msg>
<msg time="2025-08-28T10:04:50.756065" level="INFO">Switching context to CURRENT in CURRENT</msg>
<msg time="2025-08-28T10:04:50.758374" level="INFO">Returned active context id: CURRENT</msg>
<msg time="2025-08-28T10:04:50.759089" level="INFO">Switching context to context=ec234e62-2f5a-4c26-94a6-4c31d8e9dba0 in CURRENT</msg>
<msg time="2025-08-28T10:04:50.765259" level="INFO">Successfully changed active context: context=ec234e62-2f5a-4c26-94a6-4c31d8e9dba0</msg>
<msg time="2025-08-28T10:04:50.784420" level="INFO">Successfully closed Context</msg>
<tag>BrowserControl</tag>
<tag>Setter</tag>
<doc>Closes a Context.</doc>
<status status="PASS" start="2025-08-28T10:04:50.745867" elapsed="0.038823"/>
</kw>
<status status="PASS" start="2025-08-28T10:04:50.741905" elapsed="0.042975"/>
</kw>
<tag>component:ui</tag>
<tag>jira:SL-UI-012</tag>
<tag>regression</tag>
<tag>severity:critical</tag>
<tag>smoke</tag>
<timeout value="2 minutes"/>
<status status="FAIL" start="2025-08-28T10:04:49.848551" elapsed="0.936534">No keyword with name 'Start Checkout' found.</status>
</test>
<status status="FAIL" start="2025-08-28T10:04:49.834225" elapsed="0.955548"/>
</suite>
<status status="FAIL" start="2025-08-28T10:04:49.832974" elapsed="0.959570"/>
</suite>
<suite id="s1-s1-s3" name="Inventory" source="/home/feb17/vscode/saucelab/tests/ui/inventory">
<suite id="s1-s1-s3-s1" name="Inventory Products" source="/home/feb17/vscode/saucelab/tests/ui/inventory/inventory_products.robot">
<test id="s1-s1-s3-s1-t1" name="Inventory shows exactly 6 products for standard user" line="13">
<kw name="Open App and Login" owner="hooks" type="SETUP">
<kw name="New Context" owner="Browser">
<msg time="2025-08-28T10:04:50.815779" level="INFO">{
  "acceptDownloads": true,
  "bypassCSP": false,
  "forcedColors": "none",
  "ignoreHTTPSErrors": false,
  "javaScriptEnabled": true,
  "offline": false,
  "reducedMotion": "no-preference",
  "serviceWorkers": "allow",
  "viewport": {
    "width": 1280,
    "height": 720
  }
}</msg>
<msg time="2025-08-28T10:04:50.822357" level="INFO">Successfully created context. </msg>
<msg time="2025-08-28T10:04:50.822437" level="INFO">{'acceptDownloads': True, 'bypassCSP': False, 'forcedColors': 'none', 'ignoreHTTPSErrors': False, 'javaScriptEnabled': True, 'offline': False, 'reducedMotion': 'no-preference', 'serviceWorkers': 'allow', 'viewport': {'width': 1280, 'height': 720}}</msg>
<tag>BrowserControl</tag>
<tag>Setter</tag>
<doc>Create a new BrowserContext with specified options.</doc>
<status status="PASS" start="2025-08-28T10:04:50.814106" elapsed="0.008479"/>
</kw>
<kw name="New Page" owner="Browser">
<msg time="2025-08-28T10:04:51.205978" level="INFO">Successfully initialized new page object and opened url: https://www.saucedemo.com</msg>
<arg>${BASE_URL}</arg>
<tag>BrowserControl</tag>
<tag>Setter</tag>
<doc>Open a new Page.</doc>
<status status="PASS" start="2025-08-28T10:04:50.822811" elapsed="0.383499"/>
</kw>
<kw name="Login Page Should Be Visible" owner="login_page">
<kw name="Get Element" owner="Browser">
<msg time="2025-08-28T10:04:51.227363" level="INFO">Locator found successfully.</msg>
<arg>${BTN_LOGIN}</arg>
<tag>Getter</tag>
<tag>PageContent</tag>
<doc>Returns a reference to a Playwright [https://playwright.dev/docs/api/class-locator|Locator].</doc>
<status status="PASS" start="2025-08-28T10:04:51.207540" elapsed="0.020231"/>
</kw>
<status status="PASS" start="2025-08-28T10:04:51.206801" elapsed="0.021167"/>
</kw>
<kw name="Login As Standard User" owner="auth_keywords">
<kw name="Fill username" owner="login_page">
<kw name="Fill Text" owner="Browser">
<msg time="2025-08-28T10:04:51.230421" level="INFO">Fills the text 'standard_user' in the given field.</msg>
<arg>${INPUT_USERNAME}</arg>
<arg>${username}</arg>
<tag>PageContent</tag>
<tag>Setter</tag>
<doc>Clears and fills the given ``txt`` into the text field found by ``selector``.</doc>
<status status="PASS" start="2025-08-28T10:04:51.229793" elapsed="0.011205"/>
</kw>
<arg>${USERS.standard.username}</arg>
<status status="PASS" start="2025-08-28T10:04:51.228876" elapsed="0.012263"/>
</kw>
<kw name="Fill password" owner="login_page">
<kw name="Fill Text" owner="Browser">
<msg time="2025-08-28T10:04:51.243168" level="INFO">Fills the text 'secret_sauce' in the given field.</msg>
<arg>${INPUT_PASSWORD}</arg>
<arg>${password}</arg>
<tag>PageContent</tag>
<tag>Setter</tag>
<doc>Clears and fills the given ``txt`` into the text field found by ``selector``.</doc>
<status status="PASS" start="2025-08-28T10:04:51.242239" elapsed="0.009883"/>
</kw>
<arg>${USERS.password}</arg>
<status status="PASS" start="2025-08-28T10:04:51.241359" elapsed="0.010889"/>
</kw>
<kw name="Click Login" owner="login_page">
<kw name="Click" owner="Browser">
<msg time="2025-08-28T10:04:51.253430" level="INFO">Clicks the element 'id=login-button'.</msg>
<arg>${BTN_LOGIN}</arg>
<tag>PageContent</tag>
<tag>Setter</tag>
<doc>Simulates mouse click on the element found by ``selector``.</doc>
<status status="PASS" start="2025-08-28T10:04:51.252937" elapsed="0.049649"/>
</kw>
<status status="PASS" start="2025-08-28T10:04:51.252462" elapsed="0.050326"/>
</kw>
<status status="PASS" start="2025-08-28T10:04:51.228409" elapsed="0.074479"/>
</kw>
<kw name="Wait Until Loaded" owner="inventory_page">
<kw name="Wait For Elements State" owner="Browser">
<msg time="2025-08-28T10:04:51.312639" level="INFO">Waited for Element with selector css=[data-test="title"] at state visible</msg>
<arg>${HEADING_PRODUCTS}</arg>
<arg>visible</arg>
<arg>timeout=5s</arg>
<tag>PageContent</tag>
<tag>Wait</tag>
<doc>Waits for the element found by ``selector`` to satisfy state option.</doc>
<status status="PASS" start="2025-08-28T10:04:51.303727" elapsed="0.009212"/>
</kw>
<status status="PASS" start="2025-08-28T10:04:51.303204" elapsed="0.010002"/>
</kw>
<status status="PASS" start="2025-08-28T10:04:50.813579" elapsed="0.499734"/>
</kw>
<kw name="Product Count Should Be" owner="inventory_keywords">
<kw name="Get Inventory Product Count" owner="inventory_page">
<kw name="Get Element Count" owner="Browser">
<msg time="2025-08-28T10:04:51.322833" level="INFO">${count} = 6</msg>
<var>${count}</var>
<arg>${ITEM_INVENTORY}</arg>
<tag>Assertion</tag>
<tag>Getter</tag>
<tag>PageContent</tag>
<doc>Returns the count of elements found with ``selector``.</doc>
<status status="PASS" start="2025-08-28T10:04:51.315279" elapsed="0.007608"/>
</kw>
<return>
<value>${count}</value>
<status status="PASS" start="2025-08-28T10:04:51.322993" elapsed="0.000108"/>
</return>
<msg time="2025-08-28T10:04:51.323296" level="INFO">${count_of_items} = 6</msg>
<var>${count_of_items}</var>
<status status="PASS" start="2025-08-28T10:04:51.314937" elapsed="0.008399"/>
</kw>
<kw name="Should Be Equal As Integers" owner="BuiltIn">
<arg>${count_of_items}</arg>
<arg>${expected}</arg>
<doc>Fails if objects are unequal after converting them to integers.</doc>
<status status="PASS" start="2025-08-28T10:04:51.323550" elapsed="0.000540"/>
</kw>
<arg>${DASHBOARD.NUMBER_OF_ITEMS}</arg>
<status status="PASS" start="2025-08-28T10:04:51.313754" elapsed="0.010435"/>
</kw>
<kw name="Cleanup Test" owner="hooks" type="TEARDOWN">
<kw name="Run Keyword And Ignore Error" owner="BuiltIn">
<kw name="'PASS' == 'FAIL'">
<msg time="2025-08-28T10:04:51.327432" level="FAIL">No keyword with name ''PASS' == 'FAIL'' found.</msg>
<arg>Take Screenshot</arg>
<status status="FAIL" start="2025-08-28T10:04:51.327307" elapsed="0.000178">No keyword with name ''PASS' == 'FAIL'' found.</status>
</kw>
<arg>'${TEST_STATUS}' == 'FAIL'</arg>
<arg>Take Screenshot</arg>
<doc>Runs the given keyword with the given arguments and ignores possible error.</doc>
<status status="PASS" start="2025-08-28T10:04:51.324981" elapsed="0.002582"/>
</kw>
<kw name="Close Context" owner="Browser">
<msg time="2025-08-28T10:04:51.334012" level="INFO">Switching browser to CURRENT</msg>
<msg time="2025-08-28T10:04:51.337056" level="INFO">Returned active browser id. CURRENT</msg>
<msg time="2025-08-28T10:04:51.340301" level="INFO">Switching context to CURRENT in CURRENT</msg>
<msg time="2025-08-28T10:04:51.342613" level="INFO">Returned active context id: CURRENT</msg>
<msg time="2025-08-28T10:04:51.343281" level="INFO">Switching context to context=ad8c7550-e4da-485f-908d-1d774a415765 in CURRENT</msg>
<msg time="2025-08-28T10:04:51.349865" level="INFO">Successfully changed active context: context=ad8c7550-e4da-485f-908d-1d774a415765</msg>
<msg time="2025-08-28T10:04:51.367681" level="INFO">Successfully closed Context</msg>
<tag>BrowserControl</tag>
<tag>Setter</tag>
<doc>Closes a Context.</doc>
<status status="PASS" start="2025-08-28T10:04:51.327728" elapsed="0.040157"/>
</kw>
<status status="PASS" start="2025-08-28T10:04:51.324559" elapsed="0.043458"/>
</kw>
<tag>component:ui</tag>
<tag>regression</tag>
<tag>severity:medium</tag>
<timeout value="2 minutes"/>
<status status="PASS" start="2025-08-28T10:04:50.811117" elapsed="0.557050"/>
</test>
<test id="s1-s1-s3-s1-t2" name="Cart Badge Increments When Product Is Added" line="18">
<kw name="Open App and Login" owner="hooks" type="SETUP">
<kw name="New Context" owner="Browser">
<msg time="2025-08-28T10:04:51.377678" level="INFO">{
  "acceptDownloads": true,
  "bypassCSP": false,
  "forcedColors": "none",
  "ignoreHTTPSErrors": false,
  "javaScriptEnabled": true,
  "offline": false,
  "reducedMotion": "no-preference",
  "serviceWorkers": "allow",
  "viewport": {
    "width": 1280,
    "height": 720
  }
}</msg>
<msg time="2025-08-28T10:04:51.384570" level="INFO">Successfully created context. </msg>
<msg time="2025-08-28T10:04:51.384640" level="INFO">{'acceptDownloads': True, 'bypassCSP': False, 'forcedColors': 'none', 'ignoreHTTPSErrors': False, 'javaScriptEnabled': True, 'offline': False, 'reducedMotion': 'no-preference', 'serviceWorkers': 'allow', 'viewport': {'width': 1280, 'height': 720}}</msg>
<tag>BrowserControl</tag>
<tag>Setter</tag>
<doc>Create a new BrowserContext with specified options.</doc>
<status status="PASS" start="2025-08-28T10:04:51.376094" elapsed="0.008688"/>
</kw>
<kw name="New Page" owner="Browser">
<msg time="2025-08-28T10:04:51.762043" level="INFO">Successfully initialized new page object and opened url: https://www.saucedemo.com</msg>
<arg>${BASE_URL}</arg>
<tag>BrowserControl</tag>
<tag>Setter</tag>
<doc>Open a new Page.</doc>
<status status="PASS" start="2025-08-28T10:04:51.384998" elapsed="0.377377"/>
</kw>
<kw name="Login Page Should Be Visible" owner="login_page">
<kw name="Get Element" owner="Browser">
<msg time="2025-08-28T10:04:51.784229" level="INFO">Locator found successfully.</msg>
<arg>${BTN_LOGIN}</arg>
<tag>Getter</tag>
<tag>PageContent</tag>
<doc>Returns a reference to a Playwright [https://playwright.dev/docs/api/class-locator|Locator].</doc>
<status status="PASS" start="2025-08-28T10:04:51.763269" elapsed="0.021196"/>
</kw>
<status status="PASS" start="2025-08-28T10:04:51.762762" elapsed="0.021822"/>
</kw>
<kw name="Login As Standard User" owner="auth_keywords">
<kw name="Fill username" owner="login_page">
<kw name="Fill Text" owner="Browser">
<msg time="2025-08-28T10:04:51.786397" level="INFO">Fills the text 'standard_user' in the given field.</msg>
<arg>${INPUT_USERNAME}</arg>
<arg>${username}</arg>
<tag>PageContent</tag>
<tag>Setter</tag>
<doc>Clears and fills the given ``txt`` into the text field found by ``selector``.</doc>
<status status="PASS" start="2025-08-28T10:04:51.785872" elapsed="0.011940"/>
</kw>
<arg>${USERS.standard.username}</arg>
<status status="PASS" start="2025-08-28T10:04:51.785187" elapsed="0.012788"/>
</kw>
<kw name="Fill password" owner="login_page">
<kw name="Fill Text" owner="Browser">
<msg time="2025-08-28T10:04:51.799998" level="INFO">Fills the text 'secret_sauce' in the given field.</msg>
<arg>${INPUT_PASSWORD}</arg>
<arg>${password}</arg>
<tag>PageContent</tag>
<tag>Setter</tag>
<doc>Clears and fills the given ``txt`` into the text field found by ``selector``.</doc>
<status status="PASS" start="2025-08-28T10:04:51.799349" elapsed="0.008456"/>
</kw>
<arg>${USERS.password}</arg>
<status status="PASS" start="2025-08-28T10:04:51.798254" elapsed="0.009679"/>
</kw>
<kw name="Click Login" owner="login_page">
<kw name="Click" owner="Browser">
<msg time="2025-08-28T10:04:51.808971" level="INFO">Clicks the element 'id=login-button'.</msg>
<arg>${BTN_LOGIN}</arg>
<tag>PageContent</tag>
<tag>Setter</tag>
<doc>Simulates mouse click on the element found by ``selector``.</doc>
<status status="PASS" start="2025-08-28T10:04:51.808505" elapsed="0.062274"/>
</kw>
<status status="PASS" start="2025-08-28T10:04:51.808139" elapsed="0.062758"/>
</kw>
<status status="PASS" start="2025-08-28T10:04:51.784795" elapsed="0.086155"/>
</kw>
<kw name="Wait Until Loaded" owner="inventory_page">
<kw name="Wait For Elements State" owner="Browser">
<msg time="2025-08-28T10:04:51.877155" level="INFO">Waited for Element with selector css=[data-test="title"] at state visible</msg>
<arg>${HEADING_PRODUCTS}</arg>
<arg>visible</arg>
<arg>timeout=5s</arg>
<tag>PageContent</tag>
<tag>Wait</tag>
<doc>Waits for the element found by ``selector`` to satisfy state option.</doc>
<status status="PASS" start="2025-08-28T10:04:51.871706" elapsed="0.005646"/>
</kw>
<status status="PASS" start="2025-08-28T10:04:51.871175" elapsed="0.006297"/>
</kw>
<status status="PASS" start="2025-08-28T10:04:51.375569" elapsed="0.501958"/>
</kw>
<kw name="Add To Cart" owner="inventory_keywords">
<kw name="Get Add Button Selector For Product" owner="inventory_page">
<kw name="Slugify Product Name" owner="inventory_page">
<kw name="Convert To Lower Case" owner="String">
<msg time="2025-08-28T10:04:51.879684" level="INFO">${slug} = sauce labs backpack</msg>
<var>${slug}</var>
<arg>${product_name}</arg>
<doc>Converts string to lower case.</doc>
<status status="PASS" start="2025-08-28T10:04:51.879388" elapsed="0.000330"/>
</kw>
<kw name="Replace String" owner="String">
<msg time="2025-08-28T10:04:51.880314" level="INFO">${slug} = sauce-labs-backpack</msg>
<var>${slug}</var>
<arg>${slug}</arg>
<arg>${SPACE}</arg>
<arg>-</arg>
<doc>Replaces ``search_for`` in the given ``string`` with ``replace_with``.</doc>
<status status="PASS" start="2025-08-28T10:04:51.879930" elapsed="0.000420"/>
</kw>
<return>
<value>${slug}</value>
<status status="PASS" start="2025-08-28T10:04:51.880445" elapsed="0.000089"/>
</return>
<msg time="2025-08-28T10:04:51.880669" level="INFO">${slug} = sauce-labs-backpack</msg>
<var>${slug}</var>
<arg>${product_name}</arg>
<status status="PASS" start="2025-08-28T10:04:51.878924" elapsed="0.001769"/>
</kw>
<return>
<value>css=[data-test="add-to-cart-${slug}"]</value>
<status status="PASS" start="2025-08-28T10:04:51.880745" elapsed="0.000055"/>
</return>
<msg time="2025-08-28T10:04:51.880923" level="INFO">${selector} = css=[data-test="add-to-cart-sauce-labs-backpack"]</msg>
<var>${selector}</var>
<arg>${product_name}</arg>
<status status="PASS" start="2025-08-28T10:04:51.878366" elapsed="0.002582"/>
</kw>
<kw name="Wait For Elements State" owner="Browser">
<msg time="2025-08-28T10:04:51.887334" level="INFO">Waited for Element with selector css=[data-test="add-to-cart-sauce-labs-backpack"] at state visible</msg>
<arg>${selector}</arg>
<arg>visible</arg>
<arg>5s</arg>
<tag>PageContent</tag>
<tag>Wait</tag>
<doc>Waits for the element found by ``selector`` to satisfy state option.</doc>
<status status="PASS" start="2025-08-28T10:04:51.881094" elapsed="0.006475"/>
</kw>
<kw name="Click" owner="Browser">
<msg time="2025-08-28T10:04:51.888567" level="INFO">Clicks the element 'css=[data-test="add-to-cart-sauce-labs-backpack"]'.</msg>
<arg>${selector}</arg>
<tag>PageContent</tag>
<tag>Setter</tag>
<doc>Simulates mouse click on the element found by ``selector``.</doc>
<status status="PASS" start="2025-08-28T10:04:51.887846" elapsed="0.047517"/>
</kw>
<arg>Sauce Labs Backpack</arg>
<status status="PASS" start="2025-08-28T10:04:51.877813" elapsed="0.057672"/>
</kw>
<kw name="Cart Badge Should Be" owner="inventory_keywords">
<if>
<branch type="IF" condition="${expected} &gt; 0">
<kw name="Wait For Elements State" owner="Browser">
<msg time="2025-08-28T10:04:51.941288" level="INFO">Waited for Element with selector css=[data-test="shopping-cart-badge"] at state visible</msg>
<arg>${BADGE_SHOPPING_CART}</arg>
<arg>visible</arg>
<arg>5s</arg>
<tag>PageContent</tag>
<tag>Wait</tag>
<doc>Waits for the element found by ``selector`` to satisfy state option.</doc>
<status status="PASS" start="2025-08-28T10:04:51.936714" elapsed="0.004828"/>
</kw>
<kw name="Get Text" owner="Browser">
<msg time="2025-08-28T10:04:51.961126" level="INFO">Text: '1'</msg>
<msg time="2025-08-28T10:04:51.961384" level="INFO">${actual} = 1</msg>
<var>${actual}</var>
<arg>${BADGE_SHOPPING_CART}</arg>
<tag>Assertion</tag>
<tag>Getter</tag>
<tag>PageContent</tag>
<doc>Returns text attribute of the element found by ``selector``.</doc>
<status status="PASS" start="2025-08-28T10:04:51.941774" elapsed="0.019651"/>
</kw>
<kw name="Should Be Equal As Numbers" owner="BuiltIn">
<arg>${actual}</arg>
<arg>${expected}</arg>
<doc>Fails if objects are unequal after converting them to real numbers.</doc>
<status status="PASS" start="2025-08-28T10:04:51.961650" elapsed="0.000403"/>
</kw>
<status status="PASS" start="2025-08-28T10:04:51.936309" elapsed="0.025826"/>
</branch>
<branch type="ELSE">
<kw name="Wait For Elements State" owner="Browser">
<arg>${BADGE_SHOPPING_CART}</arg>
<arg>hidden</arg>
<arg>5s</arg>
<tag>PageContent</tag>
<tag>Wait</tag>
<doc>Waits for the element found by ``selector`` to satisfy state option.</doc>
<status status="NOT RUN" start="2025-08-28T10:04:51.962436" elapsed="0.000062"/>
</kw>
<status status="NOT RUN" start="2025-08-28T10:04:51.962196" elapsed="0.000363"/>
</branch>
<status status="PASS" start="2025-08-28T10:04:51.936268" elapsed="0.026331"/>
</if>
<arg>1</arg>
<status status="PASS" start="2025-08-28T10:04:51.935817" elapsed="0.026864"/>
</kw>
<kw name="Product Button Text Should Be" owner="inventory_keywords">
<kw name="Get Remove Button Selector For Product" owner="inventory_page">
<kw name="Slugify Product Name" owner="inventory_page">
<kw name="Convert To Lower Case" owner="String">
<msg time="2025-08-28T10:04:51.964311" level="INFO">${slug} = sauce labs backpack</msg>
<var>${slug}</var>
<arg>${product_name}</arg>
<doc>Converts string to lower case.</doc>
<status status="PASS" start="2025-08-28T10:04:51.964069" elapsed="0.000271"/>
</kw>
<kw name="Replace String" owner="String">
<msg time="2025-08-28T10:04:51.964756" level="INFO">${slug} = sauce-labs-backpack</msg>
<var>${slug}</var>
<arg>${slug}</arg>
<arg>${SPACE}</arg>
<arg>-</arg>
<doc>Replaces ``search_for`` in the given ``string`` with ``replace_with``.</doc>
<status status="PASS" start="2025-08-28T10:04:51.964481" elapsed="0.000300"/>
</kw>
<return>
<value>${slug}</value>
<status status="PASS" start="2025-08-28T10:04:51.964838" elapsed="0.000066"/>
</return>
<msg time="2025-08-28T10:04:51.965015" level="INFO">${slug} = sauce-labs-backpack</msg>
<var>${slug}</var>
<arg>${product_name}</arg>
<status status="PASS" start="2025-08-28T10:04:51.963798" elapsed="0.001239"/>
</kw>
<return>
<value>css=[data-test="remove-${slug}"]</value>
<status status="PASS" start="2025-08-28T10:04:51.965081" elapsed="0.000049"/>
</return>
<msg time="2025-08-28T10:04:51.965238" level="INFO">${selector} = css=[data-test="remove-sauce-labs-backpack"]</msg>
<var>${selector}</var>
<arg>${product_name}</arg>
<status status="PASS" start="2025-08-28T10:04:51.963464" elapsed="0.001795"/>
</kw>
<kw name="Wait For Elements State" owner="Browser">
<msg time="2025-08-28T10:04:51.970154" level="INFO">Waited for Element with selector css=[data-test="remove-sauce-labs-backpack"] at state visible</msg>
<arg>${selector}</arg>
<arg>visible</arg>
<arg>5s</arg>
<tag>PageContent</tag>
<tag>Wait</tag>
<doc>Waits for the element found by ``selector`` to satisfy state option.</doc>
<status status="PASS" start="2025-08-28T10:04:51.965375" elapsed="0.004981"/>
</kw>
<kw name="Get Text" owner="Browser">
<msg time="2025-08-28T10:04:51.980635" level="INFO">Text: 'Remove'</msg>
<msg time="2025-08-28T10:04:51.980853" level="INFO">${actual} = Remove</msg>
<var>${actual}</var>
<arg>${selector}</arg>
<tag>Assertion</tag>
<tag>Getter</tag>
<tag>PageContent</tag>
<doc>Returns text attribute of the element found by ``selector``.</doc>
<status status="PASS" start="2025-08-28T10:04:51.970578" elapsed="0.010305"/>
</kw>
<kw name="Should Be Equal As Strings" owner="BuiltIn">
<arg>${actual}</arg>
<arg>${expected}</arg>
<doc>Fails if objects are unequal after converting them to strings.</doc>
<status status="PASS" start="2025-08-28T10:04:51.981112" elapsed="0.000485"/>
</kw>
<arg>Sauce Labs Backpack</arg>
<arg>Remove</arg>
<status status="PASS" start="2025-08-28T10:04:51.962994" elapsed="0.018736"/>
</kw>
<kw name="Cleanup Test" owner="hooks" type="TEARDOWN">
<kw name="Run Keyword And Ignore Error" owner="BuiltIn">
<kw name="'PASS' == 'FAIL'">
<msg time="2025-08-28T10:04:51.984669" level="FAIL">No keyword with name ''PASS' == 'FAIL'' found.</msg>
<arg>Take Screenshot</arg>
<status status="FAIL" start="2025-08-28T10:04:51.984576" elapsed="0.000141">No keyword with name ''PASS' == 'FAIL'' found.</status>
</kw>
<arg>'${TEST_STATUS}' == 'FAIL'</arg>
<arg>Take Screenshot</arg>
<doc>Runs the given keyword with the given arguments and ignores possible error.</doc>
<status status="PASS" start="2025-08-28T10:04:51.982446" elapsed="0.002344"/>
</kw>
<kw name="Close Context" owner="Browser">
<msg time="2025-08-28T10:04:51.988511" level="INFO">Switching browser to CURRENT</msg>
<msg time="2025-08-28T10:04:51.990294" level="INFO">Returned active browser id. CURRENT</msg>
<msg time="2025-08-28T10:04:51.992870" level="INFO">Switching context to CURRENT in CURRENT</msg>
<msg time="2025-08-28T10:04:51.996634" level="INFO">Returned active context id: CURRENT</msg>
<msg time="2025-08-28T10:04:51.997271" level="INFO">Switching context to context=aa34f108-642a-4914-ba1e-2e4c5892b2de in CURRENT</msg>
<msg time="2025-08-28T10:04:52.002223" level="INFO">Successfully changed active context: context=aa34f108-642a-4914-ba1e-2e4c5892b2de</msg>
<msg time="2025-08-28T10:04:52.038686" level="INFO">Successfully closed Context</msg>
<tag>BrowserControl</tag>
<tag>Setter</tag>
<doc>Closes a Context.</doc>
<status status="PASS" start="2025-08-28T10:04:51.984918" elapsed="0.054028"/>
</kw>
<status status="PASS" start="2025-08-28T10:04:51.982103" elapsed="0.057026"/>
</kw>
<tag>component:ui</tag>
<tag>jira:SL-UI-005</tag>
<tag>regression</tag>
<tag>severity:high</tag>
<tag>smoke</tag>
<timeout value="2 minutes"/>
<status status="PASS" start="2025-08-28T10:04:51.373100" elapsed="0.666203"/>
</test>
<test id="s1-s1-s3-s1-t3" name="Cart Badge Disappears When No Products Left" line="24">
<kw name="Open App and Login" owner="hooks" type="SETUP">
<kw name="New Context" owner="Browser">
<msg time="2025-08-28T10:04:52.049244" level="INFO">{
  "acceptDownloads": true,
  "bypassCSP": false,
  "forcedColors": "none",
  "ignoreHTTPSErrors": false,
  "javaScriptEnabled": true,
  "offline": false,
  "reducedMotion": "no-preference",
  "serviceWorkers": "allow",
  "viewport": {
    "width": 1280,
    "height": 720
  }
}</msg>
<msg time="2025-08-28T10:04:52.056011" level="INFO">Successfully created context. </msg>
<msg time="2025-08-28T10:04:52.056090" level="INFO">{'acceptDownloads': True, 'bypassCSP': False, 'forcedColors': 'none', 'ignoreHTTPSErrors': False, 'javaScriptEnabled': True, 'offline': False, 'reducedMotion': 'no-preference', 'serviceWorkers': 'allow', 'viewport': {'width': 1280, 'height': 720}}</msg>
<tag>BrowserControl</tag>
<tag>Setter</tag>
<doc>Create a new BrowserContext with specified options.</doc>
<status status="PASS" start="2025-08-28T10:04:52.047449" elapsed="0.008834"/>
</kw>
<kw name="New Page" owner="Browser">
<msg time="2025-08-28T10:04:52.425569" level="INFO">Successfully initialized new page object and opened url: https://www.saucedemo.com</msg>
<arg>${BASE_URL}</arg>
<tag>BrowserControl</tag>
<tag>Setter</tag>
<doc>Open a new Page.</doc>
<status status="PASS" start="2025-08-28T10:04:52.056688" elapsed="0.369124"/>
</kw>
<kw name="Login Page Should Be Visible" owner="login_page">
<kw name="Get Element" owner="Browser">
<msg time="2025-08-28T10:04:52.448150" level="INFO">Locator found successfully.</msg>
<arg>${BTN_LOGIN}</arg>
<tag>Getter</tag>
<tag>PageContent</tag>
<doc>Returns a reference to a Playwright [https://playwright.dev/docs/api/class-locator|Locator].</doc>
<status status="PASS" start="2025-08-28T10:04:52.426472" elapsed="0.021925"/>
</kw>
<status status="PASS" start="2025-08-28T10:04:52.426102" elapsed="0.022429"/>
</kw>
<kw name="Login As Standard User" owner="auth_keywords">
<kw name="Fill username" owner="login_page">
<kw name="Fill Text" owner="Browser">
<msg time="2025-08-28T10:04:52.450253" level="INFO">Fills the text 'standard_user' in the given field.</msg>
<arg>${INPUT_USERNAME}</arg>
<arg>${username}</arg>
<tag>PageContent</tag>
<tag>Setter</tag>
<doc>Clears and fills the given ``txt`` into the text field found by ``selector``.</doc>
<status status="PASS" start="2025-08-28T10:04:52.449777" elapsed="0.010655"/>
</kw>
<arg>${USERS.standard.username}</arg>
<status status="PASS" start="2025-08-28T10:04:52.449141" elapsed="0.011505"/>
</kw>
<kw name="Fill password" owner="login_page">
<kw name="Fill Text" owner="Browser">
<msg time="2025-08-28T10:04:52.464178" level="INFO">Fills the text 'secret_sauce' in the given field.</msg>
<arg>${INPUT_PASSWORD}</arg>
<arg>${password}</arg>
<tag>PageContent</tag>
<tag>Setter</tag>
<doc>Clears and fills the given ``txt`` into the text field found by ``selector``.</doc>
<status status="PASS" start="2025-08-28T10:04:52.462767" elapsed="0.011058"/>
</kw>
<arg>${USERS.password}</arg>
<status status="PASS" start="2025-08-28T10:04:52.460995" elapsed="0.012977"/>
</kw>
<kw name="Click Login" owner="login_page">
<kw name="Click" owner="Browser">
<msg time="2025-08-28T10:04:52.475136" level="INFO">Clicks the element 'id=login-button'.</msg>
<arg>${BTN_LOGIN}</arg>
<tag>PageContent</tag>
<tag>Setter</tag>
<doc>Simulates mouse click on the element found by ``selector``.</doc>
<status status="PASS" start="2025-08-28T10:04:52.474622" elapsed="0.063482"/>
</kw>
<status status="PASS" start="2025-08-28T10:04:52.474234" elapsed="0.063994"/>
</kw>
<status status="PASS" start="2025-08-28T10:04:52.448754" elapsed="0.089529"/>
</kw>
<kw name="Wait Until Loaded" owner="inventory_page">
<kw name="Wait For Elements State" owner="Browser">
<msg time="2025-08-28T10:04:52.545848" level="INFO">Waited for Element with selector css=[data-test="title"] at state visible</msg>
<arg>${HEADING_PRODUCTS}</arg>
<arg>visible</arg>
<arg>timeout=5s</arg>
<tag>PageContent</tag>
<tag>Wait</tag>
<doc>Waits for the element found by ``selector`` to satisfy state option.</doc>
<status status="PASS" start="2025-08-28T10:04:52.538949" elapsed="0.007153"/>
</kw>
<status status="PASS" start="2025-08-28T10:04:52.538480" elapsed="0.007803"/>
</kw>
<status status="PASS" start="2025-08-28T10:04:52.046814" elapsed="0.499551"/>
</kw>
<kw name="Add To Cart" owner="inventory_keywords">
<kw name="Get Add Button Selector For Product" owner="inventory_page">
<kw name="Slugify Product Name" owner="inventory_page">
<kw name="Convert To Lower Case" owner="String">
<msg time="2025-08-28T10:04:52.549018" level="INFO">${slug} = sauce labs backpack</msg>
<var>${slug}</var>
<arg>${product_name}</arg>
<doc>Converts string to lower case.</doc>
<status status="PASS" start="2025-08-28T10:04:52.548609" elapsed="0.000458"/>
</kw>
<kw name="Replace String" owner="String">
<msg time="2025-08-28T10:04:52.549593" level="INFO">${slug} = sauce-labs-backpack</msg>
<var>${slug}</var>
<arg>${slug}</arg>
<arg>${SPACE}</arg>
<arg>-</arg>
<doc>Replaces ``search_for`` in the given ``string`` with ``replace_with``.</doc>
<status status="PASS" start="2025-08-28T10:04:52.549265" elapsed="0.000369"/>
</kw>
<return>
<value>${slug}</value>
<status status="PASS" start="2025-08-28T10:04:52.549731" elapsed="0.000116"/>
</return>
<msg time="2025-08-28T10:04:52.550036" level="INFO">${slug} = sauce-labs-backpack</msg>
<var>${slug}</var>
<arg>${product_name}</arg>
<status status="PASS" start="2025-08-28T10:04:52.548106" elapsed="0.001959"/>
</kw>
<return>
<value>css=[data-test="add-to-cart-${slug}"]</value>
<status status="PASS" start="2025-08-28T10:04:52.550124" elapsed="0.000063"/>
</return>
<msg time="2025-08-28T10:04:52.550323" level="INFO">${selector} = css=[data-test="add-to-cart-sauce-labs-backpack"]</msg>
<var>${selector}</var>
<arg>${product_name}</arg>
<status status="PASS" start="2025-08-28T10:04:52.547471" elapsed="0.002884"/>
</kw>
<kw name="Wait For Elements State" owner="Browser">
<msg time="2025-08-28T10:04:52.559292" level="INFO">Waited for Element with selector css=[data-test="add-to-cart-sauce-labs-backpack"] at state visible</msg>
<arg>${selector}</arg>
<arg>visible</arg>
<arg>5s</arg>
<tag>PageContent</tag>
<tag>Wait</tag>
<doc>Waits for the element found by ``selector`` to satisfy state option.</doc>
<status status="PASS" start="2025-08-28T10:04:52.550534" elapsed="0.009059"/>
</kw>
<kw name="Click" owner="Browser">
<msg time="2025-08-28T10:04:52.560839" level="INFO">Clicks the element 'css=[data-test="add-to-cart-sauce-labs-backpack"]'.</msg>
<arg>${selector}</arg>
<tag>PageContent</tag>
<tag>Setter</tag>
<doc>Simulates mouse click on the element found by ``selector``.</doc>
<status status="PASS" start="2025-08-28T10:04:52.559937" elapsed="0.040371"/>
</kw>
<arg>Sauce Labs Backpack</arg>
<status status="PASS" start="2025-08-28T10:04:52.546784" elapsed="0.053722"/>
</kw>
<kw name="Remove Product From Cart" owner="inventory_keywords">
<kw name="Click Remove" owner="inventory_page">
<kw name="Get Remove Button Selector For Product" owner="inventory_page">
<kw name="Slugify Product Name" owner="inventory_page">
<kw name="Convert To Lower Case" owner="String">
<msg time="2025-08-28T10:04:52.603003" level="INFO">${slug} = sauce labs backpack</msg>
<var>${slug}</var>
<arg>${product_name}</arg>
<doc>Converts string to lower case.</doc>
<status status="PASS" start="2025-08-28T10:04:52.602294" elapsed="0.000834"/>
</kw>
<kw name="Replace String" owner="String">
<msg time="2025-08-28T10:04:52.603833" level="INFO">${slug} = sauce-labs-backpack</msg>
<var>${slug}</var>
<arg>${slug}</arg>
<arg>${SPACE}</arg>
<arg>-</arg>
<doc>Replaces ``search_for`` in the given ``string`` with ``replace_with``.</doc>
<status status="PASS" start="2025-08-28T10:04:52.603411" elapsed="0.000454"/>
</kw>
<return>
<value>${slug}</value>
<status status="PASS" start="2025-08-28T10:04:52.603954" elapsed="0.000110"/>
</return>
<msg time="2025-08-28T10:04:52.604250" level="INFO">${slug} = sauce-labs-backpack</msg>
<var>${slug}</var>
<arg>${product_name}</arg>
<status status="PASS" start="2025-08-28T10:04:52.601990" elapsed="0.002288"/>
</kw>
<return>
<value>css=[data-test="remove-${slug}"]</value>
<status status="PASS" start="2025-08-28T10:04:52.604333" elapsed="0.000086"/>
</return>
<msg time="2025-08-28T10:04:52.604545" level="INFO">${selector} = css=[data-test="remove-sauce-labs-backpack"]</msg>
<var>${selector}</var>
<arg>${product_name}</arg>
<status status="PASS" start="2025-08-28T10:04:52.601702" elapsed="0.002865"/>
</kw>
<kw name="Click" owner="Browser">
<msg time="2025-08-28T10:04:52.605251" level="INFO">Clicks the element 'css=[data-test="remove-sauce-labs-backpack"]'.</msg>
<arg>${selector}</arg>
<tag>PageContent</tag>
<tag>Setter</tag>
<doc>Simulates mouse click on the element found by ``selector``.</doc>
<status status="PASS" start="2025-08-28T10:04:52.604709" elapsed="0.031123"/>
</kw>
<arg>${product_name}</arg>
<status status="PASS" start="2025-08-28T10:04:52.601374" elapsed="0.034580"/>
</kw>
<arg>Sauce Labs Backpack</arg>
<status status="PASS" start="2025-08-28T10:04:52.600917" elapsed="0.035095"/>
</kw>
<kw name="Cart Badge Should Be" owner="inventory_keywords">
<if>
<branch type="IF" condition="${expected} &gt; 0">
<kw name="Wait For Elements State" owner="Browser">
<arg>${BADGE_SHOPPING_CART}</arg>
<arg>visible</arg>
<arg>5s</arg>
<tag>PageContent</tag>
<tag>Wait</tag>
<doc>Waits for the element found by ``selector`` to satisfy state option.</doc>
<status status="NOT RUN" start="2025-08-28T10:04:52.636990" elapsed="0.000058"/>
</kw>
<kw name="Get Text" owner="Browser">
<var>${actual}</var>
<arg>${BADGE_SHOPPING_CART}</arg>
<tag>Assertion</tag>
<tag>Getter</tag>
<tag>PageContent</tag>
<doc>Returns text attribute of the element found by ``selector``.</doc>
<status status="NOT RUN" start="2025-08-28T10:04:52.637191" elapsed="0.000045"/>
</kw>
<kw name="Should Be Equal As Numbers" owner="BuiltIn">
<arg>${actual}</arg>
<arg>${expected}</arg>
<doc>Fails if objects are unequal after converting them to real numbers.</doc>
<status status="NOT RUN" start="2025-08-28T10:04:52.637360" elapsed="0.000043"/>
</kw>
<status status="NOT RUN" start="2025-08-28T10:04:52.636740" elapsed="0.000705"/>
</branch>
<branch type="ELSE">
<kw name="Wait For Elements State" owner="Browser">
<msg time="2025-08-28T10:04:52.642086" level="INFO">Waited for Element with selector css=[data-test="shopping-cart-badge"] at state hidden</msg>
<arg>${BADGE_SHOPPING_CART}</arg>
<arg>hidden</arg>
<arg>5s</arg>
<tag>PageContent</tag>
<tag>Wait</tag>
<doc>Waits for the element found by ``selector`` to satisfy state option.</doc>
<status status="PASS" start="2025-08-28T10:04:52.637594" elapsed="0.004699"/>
</kw>
<status status="PASS" start="2025-08-28T10:04:52.637479" elapsed="0.004922"/>
</branch>
<status status="PASS" start="2025-08-28T10:04:52.636718" elapsed="0.005738"/>
</if>
<arg>0</arg>
<status status="PASS" start="2025-08-28T10:04:52.636406" elapsed="0.006140"/>
</kw>
<kw name="Cleanup Test" owner="hooks" type="TEARDOWN">
<kw name="Run Keyword And Ignore Error" owner="BuiltIn">
<kw name="'PASS' == 'FAIL'">
<msg time="2025-08-28T10:04:52.646242" level="FAIL">No keyword with name ''PASS' == 'FAIL'' found.</msg>
<arg>Take Screenshot</arg>
<status status="FAIL" start="2025-08-28T10:04:52.646060" elapsed="0.000240">No keyword with name ''PASS' == 'FAIL'' found.</status>
</kw>
<arg>'${TEST_STATUS}' == 'FAIL'</arg>
<arg>Take Screenshot</arg>
<doc>Runs the given keyword with the given arguments and ignores possible error.</doc>
<status status="PASS" start="2025-08-28T10:04:52.643397" elapsed="0.002992"/>
</kw>
<kw name="Close Context" owner="Browser">
<msg time="2025-08-28T10:04:52.650686" level="INFO">Switching browser to CURRENT</msg>
<msg time="2025-08-28T10:04:52.652584" level="INFO">Returned active browser id. CURRENT</msg>
<msg time="2025-08-28T10:04:52.654652" level="INFO">Switching context to CURRENT in CURRENT</msg>
<msg time="2025-08-28T10:04:52.656740" level="INFO">Returned active context id: CURRENT</msg>
<msg time="2025-08-28T10:04:52.657439" level="INFO">Switching context to context=7d4c36b4-b151-46d9-926e-61c188213c4b in CURRENT</msg>
<msg time="2025-08-28T10:04:52.661489" level="INFO">Successfully changed active context: context=7d4c36b4-b151-46d9-926e-61c188213c4b</msg>
<msg time="2025-08-28T10:04:52.678757" level="INFO">Successfully closed Context</msg>
<tag>BrowserControl</tag>
<tag>Setter</tag>
<doc>Closes a Context.</doc>
<status status="PASS" start="2025-08-28T10:04:52.646601" elapsed="0.032417"/>
</kw>
<status status="PASS" start="2025-08-28T10:04:52.643007" elapsed="0.036177"/>
</kw>
<tag>component:ui</tag>
<tag>jira:SL-UI-006</tag>
<tag>regression</tag>
<tag>severity:medium</tag>
<timeout value="2 minutes"/>
<status status="PASS" start="2025-08-28T10:04:52.044270" elapsed="0.635066"/>
</test>
<test id="s1-s1-s3-s1-t4" name="Product Details Page Shows Correct Data" line="30">
<kw name="Open App and Login" owner="hooks" type="SETUP">
<kw name="New Context" owner="Browser">
<msg time="2025-08-28T10:04:52.690144" level="INFO">{
  "acceptDownloads": true,
  "bypassCSP": false,
  "forcedColors": "none",
  "ignoreHTTPSErrors": false,
  "javaScriptEnabled": true,
  "offline": false,
  "reducedMotion": "no-preference",
  "serviceWorkers": "allow",
  "viewport": {
    "width": 1280,
    "height": 720
  }
}</msg>
<msg time="2025-08-28T10:04:52.696506" level="INFO">Successfully created context. </msg>
<msg time="2025-08-28T10:04:52.696571" level="INFO">{'acceptDownloads': True, 'bypassCSP': False, 'forcedColors': 'none', 'ignoreHTTPSErrors': False, 'javaScriptEnabled': True, 'offline': False, 'reducedMotion': 'no-preference', 'serviceWorkers': 'allow', 'viewport': {'width': 1280, 'height': 720}}</msg>
<tag>BrowserControl</tag>
<tag>Setter</tag>
<doc>Create a new BrowserContext with specified options.</doc>
<status status="PASS" start="2025-08-28T10:04:52.688720" elapsed="0.007993"/>
</kw>
<kw name="New Page" owner="Browser">
<msg time="2025-08-28T10:04:53.075786" level="INFO">Successfully initialized new page object and opened url: https://www.saucedemo.com</msg>
<arg>${BASE_URL}</arg>
<tag>BrowserControl</tag>
<tag>Setter</tag>
<doc>Open a new Page.</doc>
<status status="PASS" start="2025-08-28T10:04:52.696932" elapsed="0.379110"/>
</kw>
<kw name="Login Page Should Be Visible" owner="login_page">
<kw name="Get Element" owner="Browser">
<msg time="2025-08-28T10:04:53.096738" level="INFO">Locator found successfully.</msg>
<arg>${BTN_LOGIN}</arg>
<tag>Getter</tag>
<tag>PageContent</tag>
<doc>Returns a reference to a Playwright [https://playwright.dev/docs/api/class-locator|Locator].</doc>
<status status="PASS" start="2025-08-28T10:04:53.076847" elapsed="0.020111"/>
</kw>
<status status="PASS" start="2025-08-28T10:04:53.076337" elapsed="0.020739"/>
</kw>
<kw name="Login As Standard User" owner="auth_keywords">
<kw name="Fill username" owner="login_page">
<kw name="Fill Text" owner="Browser">
<msg time="2025-08-28T10:04:53.099628" level="INFO">Fills the text 'standard_user' in the given field.</msg>
<arg>${INPUT_USERNAME}</arg>
<arg>${username}</arg>
<tag>PageContent</tag>
<tag>Setter</tag>
<doc>Clears and fills the given ``txt`` into the text field found by ``selector``.</doc>
<status status="PASS" start="2025-08-28T10:04:53.098759" elapsed="0.010842"/>
</kw>
<arg>${USERS.standard.username}</arg>
<status status="PASS" start="2025-08-28T10:04:53.097729" elapsed="0.012030"/>
</kw>
<kw name="Fill password" owner="login_page">
<kw name="Fill Text" owner="Browser">
<msg time="2025-08-28T10:04:53.111598" level="INFO">Fills the text 'secret_sauce' in the given field.</msg>
<arg>${INPUT_PASSWORD}</arg>
<arg>${password}</arg>
<tag>PageContent</tag>
<tag>Setter</tag>
<doc>Clears and fills the given ``txt`` into the text field found by ``selector``.</doc>
<status status="PASS" start="2025-08-28T10:04:53.110996" elapsed="0.009021"/>
</kw>
<arg>${USERS.password}</arg>
<status status="PASS" start="2025-08-28T10:04:53.110032" elapsed="0.010112"/>
</kw>
<kw name="Click Login" owner="login_page">
<kw name="Click" owner="Browser">
<msg time="2025-08-28T10:04:53.121182" level="INFO">Clicks the element 'id=login-button'.</msg>
<arg>${BTN_LOGIN}</arg>
<tag>PageContent</tag>
<tag>Setter</tag>
<doc>Simulates mouse click on the element found by ``selector``.</doc>
<status status="PASS" start="2025-08-28T10:04:53.120724" elapsed="0.054354"/>
</kw>
<status status="PASS" start="2025-08-28T10:04:53.120350" elapsed="0.054856"/>
</kw>
<status status="PASS" start="2025-08-28T10:04:53.097319" elapsed="0.077945"/>
</kw>
<kw name="Wait Until Loaded" owner="inventory_page">
<kw name="Wait For Elements State" owner="Browser">
<msg time="2025-08-28T10:04:53.186492" level="INFO">Waited for Element with selector css=[data-test="title"] at state visible</msg>
<arg>${HEADING_PRODUCTS}</arg>
<arg>visible</arg>
<arg>timeout=5s</arg>
<tag>PageContent</tag>
<tag>Wait</tag>
<doc>Waits for the element found by ``selector`` to satisfy state option.</doc>
<status status="PASS" start="2025-08-28T10:04:53.176156" elapsed="0.010579"/>
</kw>
<status status="PASS" start="2025-08-28T10:04:53.175549" elapsed="0.011318"/>
</kw>
<status status="PASS" start="2025-08-28T10:04:52.688126" elapsed="0.498818"/>
</kw>
<kw name="Open Product Details" owner="inventory_keywords">
<kw name="Get Click Button For Product" owner="inventory_page">
<kw name="Slugify Product Name" owner="inventory_page">
<kw name="Convert To Lower Case" owner="String">
<msg time="2025-08-28T10:04:53.188884" level="INFO">${slug} = sauce labs bike light</msg>
<var>${slug}</var>
<arg>${product_name}</arg>
<doc>Converts string to lower case.</doc>
<status status="PASS" start="2025-08-28T10:04:53.188472" elapsed="0.000462"/>
</kw>
<kw name="Replace String" owner="String">
<msg time="2025-08-28T10:04:53.189629" level="INFO">${slug} = sauce-labs-bike-light</msg>
<var>${slug}</var>
<arg>${slug}</arg>
<arg>${SPACE}</arg>
<arg>-</arg>
<doc>Replaces ``search_for`` in the given ``string`` with ``replace_with``.</doc>
<status status="PASS" start="2025-08-28T10:04:53.189173" elapsed="0.000494"/>
</kw>
<return>
<value>${slug}</value>
<status status="PASS" start="2025-08-28T10:04:53.189747" elapsed="0.000095"/>
</return>
<msg time="2025-08-28T10:04:53.190011" level="INFO">${slug} = sauce-labs-bike-light</msg>
<var>${slug}</var>
<arg>${product_name}</arg>
<status status="PASS" start="2025-08-28T10:04:53.188079" elapsed="0.001959"/>
</kw>
<return>
<value>css=[data-test="inventory-item-${slug}-img"]</value>
<status status="PASS" start="2025-08-28T10:04:53.190099" elapsed="0.000066"/>
</return>
<msg time="2025-08-28T10:04:53.190304" level="INFO">${selector} = css=[data-test="inventory-item-sauce-labs-bike-light-img"]</msg>
<var>${selector}</var>
<arg>${product_name}</arg>
<status status="PASS" start="2025-08-28T10:04:53.187684" elapsed="0.002655"/>
</kw>
<kw name="Click" owner="Browser">
<msg time="2025-08-28T10:04:53.191320" level="INFO">Clicks the element 'css=[data-test="inventory-item-sauce-labs-bike-light-img"]'.</msg>
<arg>${selector}</arg>
<tag>PageContent</tag>
<tag>Setter</tag>
<doc>Simulates mouse click on the element found by ``selector``.</doc>
<status status="PASS" start="2025-08-28T10:04:53.190558" elapsed="0.048129"/>
</kw>
<arg>Sauce Labs Bike Light</arg>
<status status="PASS" start="2025-08-28T10:04:53.187243" elapsed="0.051579"/>
</kw>
<kw name="Product Title Should Be" owner="item_keywords">
<kw name="Get Text" owner="Browser">
<msg time="2025-08-28T10:04:53.261198" level="INFO">Text: 'Sauce Labs Bike Light'</msg>
<msg time="2025-08-28T10:04:53.261412" level="INFO">${actual} = Sauce Labs Bike Light</msg>
<var>${actual}</var>
<arg>${TITLE_PRODUCT}</arg>
<tag>Assertion</tag>
<tag>Getter</tag>
<tag>PageContent</tag>
<doc>Returns text attribute of the element found by ``selector``.</doc>
<status status="PASS" start="2025-08-28T10:04:53.239559" elapsed="0.021889"/>
</kw>
<kw name="Should Be Equal" owner="BuiltIn">
<arg>${actual}</arg>
<arg>${expected}</arg>
<doc>Fails if the given objects are unequal.</doc>
<status status="PASS" start="2025-08-28T10:04:53.261738" elapsed="0.000451"/>
</kw>
<arg>Sauce Labs Bike Light</arg>
<status status="PASS" start="2025-08-28T10:04:53.239096" elapsed="0.023188"/>
</kw>
<kw name="Product Description Should Be Visible" owner="item_keywords">
<kw name="Get Text" owner="Browser">
<msg time="2025-08-28T10:04:54.390895" level="INFO" html="true">&lt;/td&gt;&lt;/tr&gt;&lt;tr&gt;&lt;td colspan="3"&gt;&lt;a href="browser/screenshot/fail-screenshot-1.png" target="_blank"&gt;&lt;img src="browser/screenshot/fail-screenshot-1.png" width="800px"/&gt;&lt;/a&gt;</msg>
<msg time="2025-08-28T10:04:54.390983" level="INFO">See also file:///home/feb17/vscode/saucelab/tests/playwright-log.txt for additional details.</msg>
<msg time="2025-08-28T10:04:54.391380" level="FAIL">Error: locator.elementHandle: Unexpected token ""t the desired"" while parsing css selector "A red light isn't the desired". Did you mean to CSS.escape it?
Call log:
  - waiting for A red light isn't the desired
</msg>
<var>${actual}</var>
<arg>${expected}</arg>
<tag>Assertion</tag>
<tag>Getter</tag>
<tag>PageContent</tag>
<doc>Returns text attribute of the element found by ``selector``.</doc>
<status status="FAIL" start="2025-08-28T10:04:53.262977" elapsed="1.129428">Error: locator.elementHandle: Unexpected token ""t the desired"" while parsing css selector "A red light isn't the desired". Did you mean to CSS.escape it?
Call log:
  - waiting for A red light isn't the desired
</status>
</kw>
<kw name="Should Contain" owner="BuiltIn">
<arg>${actual}</arg>
<arg>${expected}</arg>
<doc>Fails if ``container`` does not contain ``item`` one or more times.</doc>
<status status="NOT RUN" start="2025-08-28T10:04:54.392653" elapsed="0.000085"/>
</kw>
<arg>A red light isn't the desired</arg>
<status status="FAIL" start="2025-08-28T10:04:53.262578" elapsed="1.130275">Error: locator.elementHandle: Unexpected token ""t the desired"" while parsing css selector "A red light isn't the desired". Did you mean to CSS.escape it?
Call log:
  - waiting for A red light isn't the desired
</status>
</kw>
<kw name="Product Price Should Be Visible" owner="item_keywords">
<status status="NOT RUN" start="2025-08-28T10:04:54.393106" elapsed="0.000074"/>
</kw>
<kw name="Cleanup Test" owner="hooks" type="TEARDOWN">
<kw name="Run Keyword And Ignore Error" owner="BuiltIn">
<kw name="'FAIL' == 'FAIL'">
<msg time="2025-08-28T10:04:54.395836" level="FAIL">No keyword with name ''FAIL' == 'FAIL'' found.</msg>
<arg>Take Screenshot</arg>
<status status="FAIL" start="2025-08-28T10:04:54.395769" elapsed="0.000104">No keyword with name ''FAIL' == 'FAIL'' found.</status>
</kw>
<arg>'${TEST_STATUS}' == 'FAIL'</arg>
<arg>Take Screenshot</arg>
<doc>Runs the given keyword with the given arguments and ignores possible error.</doc>
<status status="PASS" start="2025-08-28T10:04:54.393731" elapsed="0.002207"/>
</kw>
<kw name="Close Context" owner="Browser">
<msg time="2025-08-28T10:04:54.399194" level="INFO">Switching browser to CURRENT</msg>
<msg time="2025-08-28T10:04:54.401053" level="INFO">Returned active browser id. CURRENT</msg>
<msg time="2025-08-28T10:04:54.404245" level="INFO">Switching context to CURRENT in CURRENT</msg>
<msg time="2025-08-28T10:04:54.406537" level="INFO">Returned active context id: CURRENT</msg>
<msg time="2025-08-28T10:04:54.407148" level="INFO">Switching context to context=2b315ed5-7678-4edf-bb3f-6070b732f3a9 in CURRENT</msg>
<msg time="2025-08-28T10:04:54.411580" level="INFO">Successfully changed active context: context=2b315ed5-7678-4edf-bb3f-6070b732f3a9</msg>
<msg time="2025-08-28T10:04:54.452877" level="INFO">Successfully closed Context</msg>
<tag>BrowserControl</tag>
<tag>Setter</tag>
<doc>Closes a Context.</doc>
<status status="PASS" start="2025-08-28T10:04:54.396049" elapsed="0.057089"/>
</kw>
<status status="PASS" start="2025-08-28T10:04:54.393434" elapsed="0.059899"/>
</kw>
<tag>component:ui</tag>
<tag>jira:SL-UI-007</tag>
<tag>regression</tag>
<tag>severity:medium</tag>
<timeout value="2 minutes"/>
<status status="FAIL" start="2025-08-28T10:04:52.685330" elapsed="1.768168">Error: locator.elementHandle: Unexpected token ""t the desired"" while parsing css selector "A red light isn't the desired". Did you mean to CSS.escape it?
Call log:
  - waiting for A red light isn't the desired
</status>
</test>
<status status="FAIL" start="2025-08-28T10:04:50.793984" elapsed="3.664237"/>
</suite>
<status status="FAIL" start="2025-08-28T10:04:50.792896" elapsed="3.667649"/>
</suite>
<suite id="s1-s1-s4" name="Login" source="/home/feb17/vscode/saucelab/tests/ui/login">
<kw name="Open Browser Session" owner="hooks" type="SETUP">
<kw name="New Browser" owner="Browser">
<msg time="2025-08-28T10:04:54.471538" level="INFO">Switching browser to browser=7c743564-582d-4b6c-8af9-961c2ebd000e</msg>
<msg time="2025-08-28T10:04:54.473158" level="INFO">Successfully changed active browser: browser=7c743564-582d-4b6c-8af9-961c2ebd000e</msg>
<msg time="2025-08-28T10:04:54.473258" level="INFO">Reusing existing browser with id: browser=7c743564-582d-4b6c-8af9-961c2ebd000e</msg>
<arg>${BROWSER}</arg>
<arg>headless=${HEADLESS}</arg>
<tag>BrowserControl</tag>
<tag>Setter</tag>
<doc>Create a new playwright Browser with specified options.</doc>
<status status="PASS" start="2025-08-28T10:04:54.471066" elapsed="0.002251"/>
</kw>
<status status="PASS" start="2025-08-28T10:04:54.470765" elapsed="0.002661"/>
</kw>
<suite id="s1-s1-s4-s1" name="Login Success" source="/home/feb17/vscode/saucelab/tests/ui/login/login_success.robot">
<test id="s1-s1-s4-s1-t1" name="Login succeeds with valid credentials" line="13">
<kw name="Open App" owner="hooks" type="SETUP">
<kw name="New Context" owner="Browser">
<msg time="2025-08-28T10:04:54.487904" level="INFO">{
  "acceptDownloads": true,
  "bypassCSP": false,
  "forcedColors": "none",
  "ignoreHTTPSErrors": false,
  "javaScriptEnabled": true,
  "offline": false,
  "reducedMotion": "no-preference",
  "serviceWorkers": "allow",
  "viewport": {
    "width": 1280,
    "height": 720
  }
}</msg>
<msg time="2025-08-28T10:04:54.493638" level="INFO">Successfully created context. </msg>
<msg time="2025-08-28T10:04:54.493709" level="INFO">{'acceptDownloads': True, 'bypassCSP': False, 'forcedColors': 'none', 'ignoreHTTPSErrors': False, 'javaScriptEnabled': True, 'offline': False, 'reducedMotion': 'no-preference', 'serviceWorkers': 'allow', 'viewport': {'width': 1280, 'height': 720}}</msg>
<tag>BrowserControl</tag>
<tag>Setter</tag>
<doc>Create a new BrowserContext with specified options.</doc>
<status status="PASS" start="2025-08-28T10:04:54.486711" elapsed="0.007178"/>
</kw>
<kw name="New Page" owner="Browser">
<msg time="2025-08-28T10:04:54.962386" level="INFO">Successfully initialized new page object and opened url: https://www.saucedemo.com</msg>
<arg>${BASE_URL}</arg>
<tag>BrowserControl</tag>
<tag>Setter</tag>
<doc>Open a new Page.</doc>
<status status="PASS" start="2025-08-28T10:04:54.494267" elapsed="0.468440"/>
</kw>
<status status="PASS" start="2025-08-28T10:04:54.486352" elapsed="0.476517"/>
</kw>
<kw name="Login" owner="auth_keywords">
<kw name="Fill username" owner="login_page">
<kw name="Fill Text" owner="Browser">
<msg time="2025-08-28T10:04:54.965633" level="INFO">Fills the text 'standard_user' in the given field.</msg>
<arg>${INPUT_USERNAME}</arg>
<arg>${username}</arg>
<tag>PageContent</tag>
<tag>Setter</tag>
<doc>Clears and fills the given ``txt`` into the text field found by ``selector``.</doc>
<status status="PASS" start="2025-08-28T10:04:54.965088" elapsed="0.027439"/>
</kw>
<arg>${username}</arg>
<status status="PASS" start="2025-08-28T10:04:54.964671" elapsed="0.028008"/>
</kw>
<kw name="Fill password" owner="login_page">
<kw name="Fill Text" owner="Browser">
<msg time="2025-08-28T10:04:54.994053" level="INFO">Fills the text 'secret_sauce' in the given field.</msg>
<arg>${INPUT_PASSWORD}</arg>
<arg>${password}</arg>
<tag>PageContent</tag>
<tag>Setter</tag>
<doc>Clears and fills the given ``txt`` into the text field found by ``selector``.</doc>
<status status="PASS" start="2025-08-28T10:04:54.993430" elapsed="0.009603"/>
</kw>
<arg>${password}</arg>
<status status="PASS" start="2025-08-28T10:04:54.992911" elapsed="0.010262"/>
</kw>
<kw name="Click Login" owner="login_page">
<kw name="Click" owner="Browser">
<msg time="2025-08-28T10:04:55.004209" level="INFO">Clicks the element 'id=login-button'.</msg>
<arg>${BTN_LOGIN}</arg>
<tag>PageContent</tag>
<tag>Setter</tag>
<doc>Simulates mouse click on the element found by ``selector``.</doc>
<status status="PASS" start="2025-08-28T10:04:55.003721" elapsed="0.048567"/>
</kw>
<status status="PASS" start="2025-08-28T10:04:55.003370" elapsed="0.049060"/>
</kw>
<arg>${USERS.standard.username}</arg>
<arg>${USERS.password}</arg>
<status status="PASS" start="2025-08-28T10:04:54.963170" elapsed="0.089331"/>
</kw>
<kw name="Verify Login Succeeds" owner="auth_keywords">
<kw name="Wait Until Loaded" owner="inventory_page">
<kw name="Wait For Elements State" owner="Browser">
<msg time="2025-08-28T10:04:55.059231" level="INFO">Waited for Element with selector css=[data-test="title"] at state visible</msg>
<arg>${HEADING_PRODUCTS}</arg>
<arg>visible</arg>
<arg>timeout=5s</arg>
<tag>PageContent</tag>
<tag>Wait</tag>
<doc>Waits for the element found by ``selector`` to satisfy state option.</doc>
<status status="PASS" start="2025-08-28T10:04:55.054124" elapsed="0.005409"/>
</kw>
<status status="PASS" start="2025-08-28T10:04:55.053812" elapsed="0.005933"/>
</kw>
<kw name="Get Products Heading" owner="inventory_page">
<kw name="Get Text" owner="Browser">
<msg time="2025-08-28T10:04:55.087183" level="INFO">Text: 'Products'</msg>
<msg time="2025-08-28T10:04:55.087418" level="INFO">${text} = Products</msg>
<var>${text}</var>
<arg>${HEADING_PRODUCTS}</arg>
<tag>Assertion</tag>
<tag>Getter</tag>
<tag>PageContent</tag>
<doc>Returns text attribute of the element found by ``selector``.</doc>
<status status="PASS" start="2025-08-28T10:04:55.060755" elapsed="0.026692"/>
</kw>
<return>
<value>${text}</value>
<status status="PASS" start="2025-08-28T10:04:55.087551" elapsed="0.000105"/>
</return>
<msg time="2025-08-28T10:04:55.087835" level="INFO">${heading} = Products</msg>
<var>${heading}</var>
<status status="PASS" start="2025-08-28T10:04:55.060109" elapsed="0.027764"/>
</kw>
<kw name="Should Be Equal As Strings" owner="BuiltIn">
<arg>${heading}</arg>
<arg>${expected}</arg>
<doc>Fails if objects are unequal after converting them to strings.</doc>
<status status="PASS" start="2025-08-28T10:04:55.088089" elapsed="0.000536"/>
</kw>
<arg>${DASHBOARD.HOME}</arg>
<status status="PASS" start="2025-08-28T10:04:55.052847" elapsed="0.035917"/>
</kw>
<kw name="Cleanup Test" owner="hooks" type="TEARDOWN">
<kw name="Run Keyword And Ignore Error" owner="BuiltIn">
<kw name="'PASS' == 'FAIL'">
<msg time="2025-08-28T10:04:55.092676" level="FAIL">No keyword with name ''PASS' == 'FAIL'' found.</msg>
<arg>Take Screenshot</arg>
<status status="FAIL" start="2025-08-28T10:04:55.092490" elapsed="0.000258">No keyword with name ''PASS' == 'FAIL'' found.</status>
</kw>
<arg>'${TEST_STATUS}' == 'FAIL'</arg>
<arg>Take Screenshot</arg>
<doc>Runs the given keyword with the given arguments and ignores possible error.</doc>
<status status="PASS" start="2025-08-28T10:04:55.089820" elapsed="0.003019"/>
</kw>
<kw name="Close Context" owner="Browser">
<msg time="2025-08-28T10:04:55.100050" level="INFO">Switching browser to CURRENT</msg>
<msg time="2025-08-28T10:04:55.102877" level="INFO">Returned active browser id. CURRENT</msg>
<msg time="2025-08-28T10:04:55.106000" level="INFO">Switching context to CURRENT in CURRENT</msg>
<msg time="2025-08-28T10:04:55.108063" level="INFO">Returned active context id: CURRENT</msg>
<msg time="2025-08-28T10:04:55.108785" level="INFO">Switching context to context=f98e4f61-6a5d-4a08-9c8c-99ba02f60be3 in CURRENT</msg>
<msg time="2025-08-28T10:04:55.114524" level="INFO">Successfully changed active context: context=f98e4f61-6a5d-4a08-9c8c-99ba02f60be3</msg>
<msg time="2025-08-28T10:04:55.134065" level="INFO">Successfully closed Context</msg>
<tag>BrowserControl</tag>
<tag>Setter</tag>
<doc>Closes a Context.</doc>
<status status="PASS" start="2025-08-28T10:04:55.093027" elapsed="0.041386"/>
</kw>
<status status="PASS" start="2025-08-28T10:04:55.089224" elapsed="0.045389"/>
</kw>
<tag>component:ui</tag>
<tag>layer:e2e</tag>
<tag>severity:critical</tag>
<tag>smoke</tag>
<timeout value="2 minutes"/>
<status status="PASS" start="2025-08-28T10:04:54.484632" elapsed="0.650174"/>
</test>
<test id="s1-s1-s4-s1-t2" name="Locked out user sees account locked error" line="20">
<kw name="Open App" owner="hooks" type="SETUP">
<kw name="New Context" owner="Browser">
<msg time="2025-08-28T10:04:55.145687" level="INFO">{
  "acceptDownloads": true,
  "bypassCSP": false,
  "forcedColors": "none",
  "ignoreHTTPSErrors": false,
  "javaScriptEnabled": true,
  "offline": false,
  "reducedMotion": "no-preference",
  "serviceWorkers": "allow",
  "viewport": {
    "width": 1280,
    "height": 720
  }
}</msg>
<msg time="2025-08-28T10:04:55.151777" level="INFO">Successfully created context. </msg>
<msg time="2025-08-28T10:04:55.151842" level="INFO">{'acceptDownloads': True, 'bypassCSP': False, 'forcedColors': 'none', 'ignoreHTTPSErrors': False, 'javaScriptEnabled': True, 'offline': False, 'reducedMotion': 'no-preference', 'serviceWorkers': 'allow', 'viewport': {'width': 1280, 'height': 720}}</msg>
<tag>BrowserControl</tag>
<tag>Setter</tag>
<doc>Create a new BrowserContext with specified options.</doc>
<status status="PASS" start="2025-08-28T10:04:55.144442" elapsed="0.007540"/>
</kw>
<kw name="New Page" owner="Browser">
<msg time="2025-08-28T10:04:55.549949" level="INFO">Successfully initialized new page object and opened url: https://www.saucedemo.com</msg>
<arg>${BASE_URL}</arg>
<tag>BrowserControl</tag>
<tag>Setter</tag>
<doc>Open a new Page.</doc>
<status status="PASS" start="2025-08-28T10:04:55.152179" elapsed="0.398047"/>
</kw>
<status status="PASS" start="2025-08-28T10:04:55.143991" elapsed="0.406424"/>
</kw>
<kw name="Login" owner="auth_keywords">
<kw name="Fill username" owner="login_page">
<kw name="Fill Text" owner="Browser">
<msg time="2025-08-28T10:04:55.552827" level="INFO">Fills the text 'locked_out_user' in the given field.</msg>
<arg>${INPUT_USERNAME}</arg>
<arg>${username}</arg>
<tag>PageContent</tag>
<tag>Setter</tag>
<doc>Clears and fills the given ``txt`` into the text field found by ``selector``.</doc>
<status status="PASS" start="2025-08-28T10:04:55.552361" elapsed="0.025203"/>
</kw>
<arg>${username}</arg>
<status status="PASS" start="2025-08-28T10:04:55.552035" elapsed="0.025714"/>
</kw>
<kw name="Fill password" owner="login_page">
<kw name="Fill Text" owner="Browser">
<msg time="2025-08-28T10:04:55.579376" level="INFO">Fills the text 'secret_sauce' in the given field.</msg>
<arg>${INPUT_PASSWORD}</arg>
<arg>${password}</arg>
<tag>PageContent</tag>
<tag>Setter</tag>
<doc>Clears and fills the given ``txt`` into the text field found by ``selector``.</doc>
<status status="PASS" start="2025-08-28T10:04:55.578513" elapsed="0.007785"/>
</kw>
<arg>${password}</arg>
<status status="PASS" start="2025-08-28T10:04:55.578018" elapsed="0.008406"/>
</kw>
<kw name="Click Login" owner="login_page">
<kw name="Click" owner="Browser">
<msg time="2025-08-28T10:04:55.587826" level="INFO">Clicks the element 'id=login-button'.</msg>
<arg>${BTN_LOGIN}</arg>
<tag>PageContent</tag>
<tag>Setter</tag>
<doc>Simulates mouse click on the element found by ``selector``.</doc>
<status status="PASS" start="2025-08-28T10:04:55.587139" elapsed="0.045389"/>
</kw>
<status status="PASS" start="2025-08-28T10:04:55.586614" elapsed="0.046104"/>
</kw>
<arg>${USERS.locked_out.username}</arg>
<arg>${USERS.password}</arg>
<status status="PASS" start="2025-08-28T10:04:55.550845" elapsed="0.081958"/>
</kw>
<kw name="Get Login Error Text" owner="auth_keywords">
<kw name="Wait For Error Visible" owner="login_page">
<kw name="Wait For Elements State" owner="Browser">
<msg time="2025-08-28T10:04:55.639632" level="INFO">Waited for Element with selector css=[data-test="error"] at state visible</msg>
<arg>${ERROR_MESSAGE}</arg>
<arg>visible</arg>
<arg>timeout=5s</arg>
<tag>PageContent</tag>
<tag>Wait</tag>
<doc>Waits for the element found by ``selector`` to satisfy state option.</doc>
<status status="PASS" start="2025-08-28T10:04:55.634093" elapsed="0.005746"/>
</kw>
<status status="PASS" start="2025-08-28T10:04:55.633746" elapsed="0.006239"/>
</kw>
<kw name="Get Error Text" owner="login_page">
<kw name="Get Text" owner="Browser">
<msg time="2025-08-28T10:04:55.655726" level="INFO">Text: 'Epic sadface: Sorry, this user has been locked out.'</msg>
<msg time="2025-08-28T10:04:55.655943" level="INFO">${text} = Epic sadface: Sorry, this user has been locked out.</msg>
<var>${text}</var>
<arg>${ERROR_MESSAGE}</arg>
<tag>Assertion</tag>
<tag>Getter</tag>
<tag>PageContent</tag>
<doc>Returns text attribute of the element found by ``selector``.</doc>
<status status="PASS" start="2025-08-28T10:04:55.640559" elapsed="0.015414"/>
</kw>
<return>
<value>${text}</value>
<status status="PASS" start="2025-08-28T10:04:55.656076" elapsed="0.000104"/>
</return>
<msg time="2025-08-28T10:04:55.656331" level="INFO">${text} = Epic sadface: Sorry, this user has been locked out.</msg>
<var>${text}</var>
<status status="PASS" start="2025-08-28T10:04:55.640196" elapsed="0.016159"/>
</kw>
<return>
<value>${text}</value>
<status status="PASS" start="2025-08-28T10:04:55.656417" elapsed="0.000059"/>
</return>
<msg time="2025-08-28T10:04:55.656589" level="INFO">${actual_error_message} = Epic sadface: Sorry, this user has been locked out.</msg>
<var>${actual_error_message}</var>
<status status="PASS" start="2025-08-28T10:04:55.633189" elapsed="0.023422"/>
</kw>
<kw name="Error Message Should Be" owner="auth_keywords">
<kw name="Should Be Equal" owner="BuiltIn">
<arg>${actual}</arg>
[...]
</kw>
<status status="PASS" start="2025-08-28T10:04:56.805428" elapsed="0.006474"/>
</kw>
<kw name="Get Error Text" owner="login_page">
<kw name="Get Text" owner="Browser">
<msg time="2025-08-28T10:04:56.832590" level="INFO">Text: 'Epic sadface: Username is required'</msg>
<msg time="2025-08-28T10:04:56.832811" level="INFO">${text} = Epic sadface: Username is required</msg>
<var>${text}</var>
<arg>${ERROR_MESSAGE}</arg>
<tag>Assertion</tag>
<tag>Getter</tag>
<tag>PageContent</tag>
<doc>Returns text attribute of the element found by ``selector``.</doc>
<status status="PASS" start="2025-08-28T10:04:56.812563" elapsed="0.020276"/>
</kw>
<return>
<value>${text}</value>
<status status="PASS" start="2025-08-28T10:04:56.832954" elapsed="0.000114"/>
</return>
<msg time="2025-08-28T10:04:56.833228" level="INFO">${text} = Epic sadface: Username is required</msg>
<var>${text}</var>
<status status="PASS" start="2025-08-28T10:04:56.812134" elapsed="0.021119"/>
</kw>
<return>
<value>${text}</value>
<status status="PASS" start="2025-08-28T10:04:56.833301" elapsed="0.000054"/>
</return>
<msg time="2025-08-28T10:04:56.833464" level="INFO">${actual_error_message} = Epic sadface: Username is required</msg>
<var>${actual_error_message}</var>
<status status="PASS" start="2025-08-28T10:04:56.805076" elapsed="0.028411"/>
</kw>
<kw name="Error Message Should Be" owner="auth_keywords">
<kw name="Should Be Equal" owner="BuiltIn">
<arg>${actual}</arg>
<arg>${expected}</arg>
<doc>Fails if the given objects are unequal.</doc>
<status status="PASS" start="2025-08-28T10:04:56.834075" elapsed="0.000293"/>
</kw>
<arg>${actual_error_message}</arg>
<arg>Epic sadface: Username is required</arg>
<status status="PASS" start="2025-08-28T10:04:56.833715" elapsed="0.000724"/>
</kw>
<kw name="Cleanup Test" owner="hooks" type="TEARDOWN">
<kw name="Run Keyword And Ignore Error" owner="BuiltIn">
<kw name="'PASS' == 'FAIL'">
<msg time="2025-08-28T10:04:56.836539" level="FAIL">No keyword with name ''PASS' == 'FAIL'' found.</msg>
<arg>Take Screenshot</arg>
<status status="FAIL" start="2025-08-28T10:04:56.836473" elapsed="0.000103">No keyword with name ''PASS' == 'FAIL'' found.</status>
</kw>
<arg>'${TEST_STATUS}' == 'FAIL'</arg>
<arg>Take Screenshot</arg>
<doc>Runs the given keyword with the given arguments and ignores possible error.</doc>
<status status="PASS" start="2025-08-28T10:04:56.834948" elapsed="0.001687"/>
</kw>
<kw name="Close Context" owner="Browser">
<msg time="2025-08-28T10:04:56.839795" level="INFO">Switching browser to CURRENT</msg>
<msg time="2025-08-28T10:04:56.841651" level="INFO">Returned active browser id. CURRENT</msg>
<msg time="2025-08-28T10:04:56.844436" level="INFO">Switching context to CURRENT in CURRENT</msg>
<msg time="2025-08-28T10:04:56.846933" level="INFO">Returned active context id: CURRENT</msg>
<msg time="2025-08-28T10:04:56.847633" level="INFO">Switching context to context=8bbe4e4d-94ed-4a27-a7cf-d347d48c0402 in CURRENT</msg>
<msg time="2025-08-28T10:04:56.853773" level="INFO">Successfully changed active context: context=8bbe4e4d-94ed-4a27-a7cf-d347d48c0402</msg>
<msg time="2025-08-28T10:04:56.872192" level="INFO">Successfully closed Context</msg>
<tag>BrowserControl</tag>
<tag>Setter</tag>
<doc>Closes a Context.</doc>
<status status="PASS" start="2025-08-28T10:04:56.836740" elapsed="0.035639"/>
</kw>
<status status="PASS" start="2025-08-28T10:04:56.834685" elapsed="0.037836"/>
</kw>
<timeout value="2 minutes"/>
<status status="PASS" start="2025-08-28T10:04:56.312461" elapsed="0.560208"/>
</test>
<status status="PASS" start="2025-08-28T10:04:55.705589" elapsed="1.171672"/>
</suite>
<kw name="Cleanup App" owner="hooks" type="TEARDOWN">
<kw name="Run Keyword And Ignore Error" owner="BuiltIn">
<kw name="Close Page" owner="Browser">
<msg time="2025-08-28T10:04:56.882819" level="INFO">Switching browser to CURRENT</msg>
<msg time="2025-08-28T10:04:56.884790" level="INFO">Returned active browser id. CURRENT</msg>
<msg time="2025-08-28T10:04:56.885604" level="INFO">Switching browser to browser=7c743564-582d-4b6c-8af9-961c2ebd000e</msg>
<msg time="2025-08-28T10:04:56.887268" level="INFO">Successfully changed active browser: browser=7c743564-582d-4b6c-8af9-961c2ebd000e</msg>
<msg time="2025-08-28T10:04:56.887402" level="INFO">Switching context to CURRENT in CURRENT</msg>
<msg time="2025-08-28T10:04:56.888373" level="INFO">Returned info that no contexts are open</msg>
<tag>BrowserControl</tag>
<tag>Setter</tag>
<doc>Closes the ``page`` in ``context`` in ``browser``.</doc>
<status status="PASS" start="2025-08-28T10:04:56.880787" elapsed="0.007726"/>
</kw>
<arg>Close Page</arg>
<doc>Runs the given keyword with the given arguments and ignores possible error.</doc>
<status status="PASS" start="2025-08-28T10:04:56.880595" elapsed="0.008008"/>
</kw>
<kw name="Run Keyword And Ignore Error" owner="BuiltIn">
<kw name="Close Context" owner="Browser">
<msg time="2025-08-28T10:04:56.891029" level="INFO">Switching browser to CURRENT</msg>
<msg time="2025-08-28T10:04:56.892629" level="INFO">Returned active browser id. CURRENT</msg>
<msg time="2025-08-28T10:04:56.894389" level="INFO">Switching context to CURRENT in CURRENT</msg>
<msg time="2025-08-28T10:04:56.896091" level="INFO">Returned info that no contexts are open</msg>
<msg time="2025-08-28T10:04:56.896247" level="INFO">No open context found.</msg>
<tag>BrowserControl</tag>
<tag>Setter</tag>
<doc>Closes a Context.</doc>
<status status="PASS" start="2025-08-28T10:04:56.889036" elapsed="0.008135"/>
</kw>
<arg>Close Context</arg>
<doc>Runs the given keyword with the given arguments and ignores possible error.</doc>
<status status="PASS" start="2025-08-28T10:04:56.888754" elapsed="0.008571"/>
</kw>
<kw name="Run Keyword And Ignore Error" owner="BuiltIn">
<kw name="Close Browser" owner="Browser">
<msg time="2025-08-28T10:04:56.961637" level="INFO">Closed browser</msg>
<tag>BrowserControl</tag>
<tag>Setter</tag>
<doc>Closes the current browser.</doc>
<status status="PASS" start="2025-08-28T10:04:56.897963" elapsed="0.063843"/>
</kw>
<arg>Close Browser</arg>
<doc>Runs the given keyword with the given arguments and ignores possible error.</doc>
<status status="PASS" start="2025-08-28T10:04:56.897574" elapsed="0.064329"/>
</kw>
<status status="PASS" start="2025-08-28T10:04:56.880167" elapsed="0.081807"/>
</kw>
<status status="PASS" start="2025-08-28T10:04:54.460907" elapsed="2.501105"/>
</suite>
<suite id="s1-s1-s5" name="Logout" source="/home/feb17/vscode/saucelab/tests/ui/logout">
<suite id="s1-s1-s5-s1" name="Logout Success" source="/home/feb17/vscode/saucelab/tests/ui/logout/logout_success.robot">
<test id="s1-s1-s5-s1-t1" name="Logout succeeds by using Logout in menu bar" line="11">
<kw name="Open App and Login" owner="hooks" type="SETUP">
<kw name="New Context" owner="Browser">
<msg time="2025-08-28T10:04:56.994665" level="INFO">{
  "acceptDownloads": true,
  "bypassCSP": false,
  "forcedColors": "none",
  "ignoreHTTPSErrors": false,
  "javaScriptEnabled": true,
  "offline": false,
  "reducedMotion": "no-preference",
  "serviceWorkers": "allow",
  "viewport": {
    "width": 1280,
    "height": 720
  }
}</msg>
<msg time="2025-08-28T10:04:57.031254" level="INFO">Successfully created context. </msg>
<msg time="2025-08-28T10:04:57.031329" level="INFO">{'acceptDownloads': True, 'bypassCSP': False, 'forcedColors': 'none', 'ignoreHTTPSErrors': False, 'javaScriptEnabled': True, 'offline': False, 'reducedMotion': 'no-preference', 'serviceWorkers': 'allow', 'viewport': {'width': 1280, 'height': 720}}</msg>
<msg time="2025-08-28T10:04:57.031343" level="INFO">No browser was open. New browser was automatically opened when this context is created.</msg>
<tag>BrowserControl</tag>
<tag>Setter</tag>
<doc>Create a new BrowserContext with specified options.</doc>
<status status="PASS" start="2025-08-28T10:04:56.992969" elapsed="0.038534"/>
</kw>
<kw name="New Page" owner="Browser">
<msg time="2025-08-28T10:04:57.451528" level="INFO">Successfully initialized new page object and opened url: https://www.saucedemo.com</msg>
<arg>${BASE_URL}</arg>
<tag>BrowserControl</tag>
<tag>Setter</tag>
<doc>Open a new Page.</doc>
<status status="PASS" start="2025-08-28T10:04:57.031727" elapsed="0.420028"/>
</kw>
<kw name="Login Page Should Be Visible" owner="login_page">
<kw name="Get Element" owner="Browser">
<msg time="2025-08-28T10:04:57.471618" level="INFO">Locator found successfully.</msg>
<arg>${BTN_LOGIN}</arg>
<tag>Getter</tag>
<tag>PageContent</tag>
<doc>Returns a reference to a Playwright [https://playwright.dev/docs/api/class-locator|Locator].</doc>
<status status="PASS" start="2025-08-28T10:04:57.452379" elapsed="0.019441"/>
</kw>
<status status="PASS" start="2025-08-28T10:04:57.451998" elapsed="0.019938"/>
</kw>
<kw name="Login As Standard User" owner="auth_keywords">
<kw name="Fill username" owner="login_page">
<kw name="Fill Text" owner="Browser">
<msg time="2025-08-28T10:04:57.473680" level="INFO">Fills the text 'standard_user' in the given field.</msg>
<arg>${INPUT_USERNAME}</arg>
<arg>${username}</arg>
<tag>PageContent</tag>
<tag>Setter</tag>
<doc>Clears and fills the given ``txt`` into the text field found by ``selector``.</doc>
<status status="PASS" start="2025-08-28T10:04:57.473143" elapsed="0.008776"/>
</kw>
<arg>${USERS.standard.username}</arg>
<status status="PASS" start="2025-08-28T10:04:57.472549" elapsed="0.009519"/>
</kw>
<kw name="Fill password" owner="login_page">
<kw name="Fill Text" owner="Browser">
<msg time="2025-08-28T10:04:57.483631" level="INFO">Fills the text 'secret_sauce' in the given field.</msg>
<arg>${INPUT_PASSWORD}</arg>
<arg>${password}</arg>
<tag>PageContent</tag>
<tag>Setter</tag>
<doc>Clears and fills the given ``txt`` into the text field found by ``selector``.</doc>
<status status="PASS" start="2025-08-28T10:04:57.483110" elapsed="0.006350"/>
</kw>
<arg>${USERS.password}</arg>
<status status="PASS" start="2025-08-28T10:04:57.482288" elapsed="0.007358"/>
</kw>
<kw name="Click Login" owner="login_page">
<kw name="Click" owner="Browser">
<msg time="2025-08-28T10:04:57.491155" level="INFO">Clicks the element 'id=login-button'.</msg>
<arg>${BTN_LOGIN}</arg>
<tag>PageContent</tag>
<tag>Setter</tag>
<doc>Simulates mouse click on the element found by ``selector``.</doc>
<status status="PASS" start="2025-08-28T10:04:57.490414" elapsed="0.057555"/>
</kw>
<status status="PASS" start="2025-08-28T10:04:57.489893" elapsed="0.058256"/>
</kw>
<status status="PASS" start="2025-08-28T10:04:57.472130" elapsed="0.076104"/>
</kw>
<kw name="Wait Until Loaded" owner="inventory_page">
<kw name="Wait For Elements State" owner="Browser">
<msg time="2025-08-28T10:04:57.554571" level="INFO">Waited for Element with selector css=[data-test="title"] at state visible</msg>
<arg>${HEADING_PRODUCTS}</arg>
<arg>visible</arg>
<arg>timeout=5s</arg>
<tag>PageContent</tag>
<tag>Wait</tag>
<doc>Waits for the element found by ``selector`` to satisfy state option.</doc>
<status status="PASS" start="2025-08-28T10:04:57.549034" elapsed="0.005828"/>
</kw>
<status status="PASS" start="2025-08-28T10:04:57.548521" elapsed="0.006540"/>
</kw>
<status status="PASS" start="2025-08-28T10:04:56.992563" elapsed="0.562591"/>
</kw>
<kw name="Logout" owner="auth_keywords">
<kw name="Open Menu" owner="home_page">
<kw name="Click" owner="Browser">
<msg time="2025-08-28T10:04:57.557086" level="INFO">Clicks the element 'css=[id="react-burger-menu-btn"]'.</msg>
<arg>${BURGER_MENU}</arg>
<tag>PageContent</tag>
<tag>Setter</tag>
<doc>Simulates mouse click on the element found by ``selector``.</doc>
<status status="PASS" start="2025-08-28T10:04:57.556501" elapsed="0.039060"/>
</kw>
<status status="PASS" start="2025-08-28T10:04:57.556061" elapsed="0.039636"/>
</kw>
<kw name="Click Logout" owner="home_page">
<kw name="Click" owner="Browser">
<msg time="2025-08-28T10:04:57.596845" level="INFO">Clicks the element 'css=[data-test="logout-sidebar-link"]'.</msg>
<arg>${BTN_LOGOUT}</arg>
<tag>PageContent</tag>
<tag>Setter</tag>
<doc>Simulates mouse click on the element found by ``selector``.</doc>
<status status="PASS" start="2025-08-28T10:04:57.596290" elapsed="0.907089"/>
</kw>
<status status="PASS" start="2025-08-28T10:04:57.595893" elapsed="0.907607"/>
</kw>
<status status="PASS" start="2025-08-28T10:04:57.555514" elapsed="0.948037"/>
</kw>
<kw name="Should land on login page" owner="auth_keywords">
<kw name="Login Page Should Be Visible" owner="login_page">
<kw name="Get Element" owner="Browser">
<msg time="2025-08-28T10:04:58.509450" level="INFO">Locator found successfully.</msg>
<arg>${BTN_LOGIN}</arg>
<tag>Getter</tag>
<tag>PageContent</tag>
<doc>Returns a reference to a Playwright [https://playwright.dev/docs/api/class-locator|Locator].</doc>
<status status="PASS" start="2025-08-28T10:04:58.504442" elapsed="0.005290"/>
</kw>
<status status="PASS" start="2025-08-28T10:04:58.504186" elapsed="0.005724"/>
</kw>
<status status="PASS" start="2025-08-28T10:04:58.503831" elapsed="0.006150"/>
</kw>
<kw name="Cleanup Test" owner="hooks" type="TEARDOWN">
<kw name="Run Keyword And Ignore Error" owner="BuiltIn">
<kw name="'PASS' == 'FAIL'">
<msg time="2025-08-28T10:04:58.512582" level="FAIL">No keyword with name ''PASS' == 'FAIL'' found.</msg>
<arg>Take Screenshot</arg>
<status status="FAIL" start="2025-08-28T10:04:58.512515" elapsed="0.000109">No keyword with name ''PASS' == 'FAIL'' found.</status>
</kw>
<arg>'${TEST_STATUS}' == 'FAIL'</arg>
<arg>Take Screenshot</arg>
<doc>Runs the given keyword with the given arguments and ignores possible error.</doc>
<status status="PASS" start="2025-08-28T10:04:58.510952" elapsed="0.001736"/>
</kw>
<kw name="Close Context" owner="Browser">
<msg time="2025-08-28T10:04:58.515870" level="INFO">Switching browser to CURRENT</msg>
<msg time="2025-08-28T10:04:58.517520" level="INFO">Returned active browser id. CURRENT</msg>
<msg time="2025-08-28T10:04:58.519736" level="INFO">Switching context to CURRENT in CURRENT</msg>
<msg time="2025-08-28T10:04:58.521973" level="INFO">Returned active context id: CURRENT</msg>
<msg time="2025-08-28T10:04:58.522973" level="INFO">Switching context to context=1940d0ac-3d67-42bf-97a6-eb82c90d662f in CURRENT</msg>
<msg time="2025-08-28T10:04:58.528012" level="INFO">Successfully changed active context: context=1940d0ac-3d67-42bf-97a6-eb82c90d662f</msg>
<msg time="2025-08-28T10:04:58.532275" level="INFO">Successfully closed Context</msg>
<tag>BrowserControl</tag>
<tag>Setter</tag>
<doc>Closes a Context.</doc>
<status status="PASS" start="2025-08-28T10:04:58.512793" elapsed="0.019659"/>
</kw>
<status status="PASS" start="2025-08-28T10:04:58.510490" elapsed="0.022082"/>
</kw>
<timeout value="2 minutes"/>
<status status="PASS" start="2025-08-28T10:04:56.990469" elapsed="1.542209"/>
</test>
<status status="PASS" start="2025-08-28T10:04:56.965126" elapsed="1.572033"/>
</suite>
<status status="PASS" start="2025-08-28T10:04:56.964110" elapsed="1.575742"/>
</suite>
<status status="FAIL" start="2025-08-28T10:04:48.668902" elapsed="9.871397"/>
</suite>
<kw name="Cleanup App" owner="hooks" type="TEARDOWN">
<kw name="Run Keyword And Ignore Error" owner="BuiltIn">
<kw name="Close Page" owner="Browser">
<msg time="2025-08-28T10:04:58.544110" level="INFO">Switching browser to CURRENT</msg>
<msg time="2025-08-28T10:04:58.545589" level="INFO">Returned active browser id. CURRENT</msg>
<msg time="2025-08-28T10:04:58.546244" level="INFO">Switching browser to browser=5db548f5-2c68-48e0-baf2-85cfd9522b22</msg>
<msg time="2025-08-28T10:04:58.547629" level="INFO">Successfully changed active browser: browser=5db548f5-2c68-48e0-baf2-85cfd9522b22</msg>
<msg time="2025-08-28T10:04:58.547773" level="INFO">Switching context to CURRENT in CURRENT</msg>
<msg time="2025-08-28T10:04:58.549197" level="INFO">Returned info that no contexts are open</msg>
<tag>BrowserControl</tag>
<tag>Setter</tag>
<doc>Closes the ``page`` in ``context`` in ``browser``.</doc>
<status status="PASS" start="2025-08-28T10:04:58.541524" elapsed="0.007883"/>
</kw>
<arg>Close Page</arg>
<doc>Runs the given keyword with the given arguments and ignores possible error.</doc>
<status status="PASS" start="2025-08-28T10:04:58.541311" elapsed="0.008206"/>
</kw>
<kw name="Run Keyword And Ignore Error" owner="BuiltIn">
<kw name="Close Context" owner="Browser">
<msg time="2025-08-28T10:04:58.551931" level="INFO">Switching browser to CURRENT</msg>
<msg time="2025-08-28T10:04:58.553028" level="INFO">Returned active browser id. CURRENT</msg>
<msg time="2025-08-28T10:04:58.554252" level="INFO">Switching context to CURRENT in CURRENT</msg>
<msg time="2025-08-28T10:04:58.555152" level="INFO">Returned info that no contexts are open</msg>
<msg time="2025-08-28T10:04:58.555221" level="INFO">No open context found.</msg>
<tag>BrowserControl</tag>
<tag>Setter</tag>
<doc>Closes a Context.</doc>
<status status="PASS" start="2025-08-28T10:04:58.549937" elapsed="0.006006"/>
</kw>
<arg>Close Context</arg>
<doc>Runs the given keyword with the given arguments and ignores possible error.</doc>
<status status="PASS" start="2025-08-28T10:04:58.549678" elapsed="0.006386"/>
</kw>
<kw name="Run Keyword And Ignore Error" owner="BuiltIn">
<kw name="Close Browser" owner="Browser">
<msg time="2025-08-28T10:04:58.571234" level="INFO">Closed browser</msg>
<tag>BrowserControl</tag>
<tag>Setter</tag>
<doc>Closes the current browser.</doc>
<status status="PASS" start="2025-08-28T10:04:58.556518" elapsed="0.014865"/>
</kw>
<arg>Close Browser</arg>
<doc>Runs the given keyword with the given arguments and ignores possible error.</doc>
<status status="PASS" start="2025-08-28T10:04:58.556258" elapsed="0.015222"/>
</kw>
<status status="PASS" start="2025-08-28T10:04:58.540952" elapsed="0.030598"/>
</kw>
<status status="FAIL" start="2025-08-28T10:04:47.920134" elapsed="10.651455"/>
</suite>
<statistics>
<total>
<stat pass="8" fail="3" skip="0">All Tests</stat>
</total>
<tag>
<stat pass="5" fail="3" skip="0">component:ui</stat>
<stat pass="1" fail="0" skip="0">jira:SL-UI-005</stat>
<stat pass="1" fail="0" skip="0">jira:SL-UI-006</stat>
<stat pass="0" fail="1" skip="0">jira:SL-UI-007</stat>
<stat pass="0" fail="1" skip="0">jira:SL-UI-009</stat>
<stat pass="0" fail="1" skip="0">jira:SL-UI-012</stat>
<stat pass="2" fail="0" skip="0">layer:e2e</stat>
<stat pass="3" fail="3" skip="0">regression</stat>
<stat pass="1" fail="1" skip="0">severity:critical</stat>
<stat pass="1" fail="1" skip="0">severity:high</stat>
<stat pass="1" fail="0" skip="0">severity:important</stat>
<stat pass="2" fail="1" skip="0">severity:medium</stat>
<stat pass="3" fail="2" skip="0">smoke</stat>
</tag>
<suite>
<stat name="Tests" id="s1" pass="8" fail="3" skip="0">Tests</stat>
<stat name="Ui" id="s1-s1" pass="8" fail="3" skip="0">Tests.Ui</stat>
<stat name="Cart" id="s1-s1-s1" pass="0" fail="1" skip="0">Tests.Ui.Cart</stat>
<stat name="Cart Items" id="s1-s1-s1-s1" pass="0" fail="1" skip="0">Tests.Ui.Cart.Cart Items</stat>
<stat name="Checkout" id="s1-s1-s2" pass="0" fail="1" skip="0">Tests.Ui.Checkout</stat>
<stat name="Checkoutflow" id="s1-s1-s2-s1" pass="0" fail="1" skip="0">Tests.Ui.Checkout.Checkoutflow</stat>
<stat name="Inventory" id="s1-s1-s3" pass="3" fail="1" skip="0">Tests.Ui.Inventory</stat>
<stat name="Inventory Products" id="s1-s1-s3-s1" pass="3" fail="1" skip="0">Tests.Ui.Inventory.Inventory Products</stat>
<stat name="Login" id="s1-s1-s4" pass="4" fail="0" skip="0">Tests.Ui.Login</stat>
<stat name="Login Success" id="s1-s1-s4-s1" pass="2" fail="0" skip="0">Tests.Ui.Login.Login Success</stat>
<stat name="Login Success Negative" id="s1-s1-s4-s2" pass="2" fail="0" skip="0">Tests.Ui.Login.Login Success Negative</stat>
<stat name="Logout" id="s1-s1-s5" pass="1" fail="0" skip="0">Tests.Ui.Logout</stat>
<stat name="Logout Success" id="s1-s1-s5-s1" pass="1" fail="0" skip="0">Tests.Ui.Logout.Logout Success</stat>
</suite>
</statistics>
<errors>
</errors>
</robot>
